#
# There is insufficient memory for the Java Runtime Environment to continue.
# Native memory allocation (malloc) failed to allocate 1475056 bytes for Chunk::new
# Possible reasons:
#   The system is out of physical RAM or swap space
#   The process is running with CompressedOops enabled, and the Java Heap may be blocking the growth of the native heap
# Possible solutions:
#   Reduce memory load on the system
#   Increase physical memory or swap space
#   Check if swap backing store is full
#   Decrease Java heap size (-Xmx/-Xms)
#   Decrease number of Java threads
#   Decrease Java thread stack sizes (-Xss)
#   Set larger code cache with -XX:ReservedCodeCacheSize=
#   JVM is running with Zero Based Compressed Oops mode in which the Java heap is
#     placed in the first 32GB address space. The Java Heap base address is the
#     maximum limit for the native heap growth. Please use -XX:HeapBaseMinAddress
#     to set the Java Heap base and to place the Java Heap above 32GB virtual address.
# This output file may be truncated or incomplete.
#
#  Out of Memory Error (allocation.cpp:389), pid=12928, tid=0x00000000000032e0
#
# JRE version: OpenJDK Runtime Environment (8.0_242-b01) (build 1.8.0_242-release-1644-b01)
# Java VM: OpenJDK 64-Bit Server VM (25.242-b01 mixed mode windows-amd64 compressed oops)
# Failed to write core dump. Minidumps are not enabled by default on client versions of Windows
#

---------------  T H R E A D  ---------------

Current thread (0x0000000017ded000):  JavaThread "C2 CompilerThread0" daemon [_thread_in_native, id=13024, stack(0x0000000019440000,0x0000000019540000)]

Stack: [0x0000000019440000,0x0000000019540000]
[error occurred during error reporting (printing stack bounds), id 0xc0000005]

Native frames: (J=compiled Java code, j=interpreted, Vv=VM code, C=native code)


Current CompileTask:
C2:   2322 1635       4       java.net.URLClassLoader$1::run (5 bytes)


---------------  P R O C E S S  ---------------

Java Threads: ( => current thread )
  0x0000000019778800 JavaThread "Service Thread" daemon [_thread_blocked, id=13036, stack(0x0000000019b40000,0x0000000019c40000)]
  0x0000000017dff000 JavaThread "C1 CompilerThread2" daemon [_thread_blocked, id=13032, stack(0x0000000019640000,0x0000000019740000)]
  0x0000000017df1000 JavaThread "C2 CompilerThread1" daemon [_thread_blocked, id=13028, stack(0x0000000019540000,0x0000000019640000)]
=>0x0000000017ded000 JavaThread "C2 CompilerThread0" daemon [_thread_in_native, id=13024, stack(0x0000000019440000,0x0000000019540000)]
  0x0000000017deb000 JavaThread "Attach Listener" daemon [_thread_blocked, id=13020, stack(0x0000000019340000,0x0000000019440000)]
  0x0000000017de9800 JavaThread "Signal Dispatcher" daemon [_thread_blocked, id=13016, stack(0x0000000019240000,0x0000000019340000)]
  0x0000000017dca000 JavaThread "Finalizer" daemon [_thread_blocked, id=13012, stack(0x0000000019040000,0x0000000019140000)]
  0x0000000017dc9800 JavaThread "Reference Handler" daemon [_thread_blocked, id=13008, stack(0x0000000018f40000,0x0000000019040000)]
  0x0000000002714000 JavaThread "main" [_thread_in_vm, id=12984, stack(0x0000000000e30000,0x0000000000f30000)]

Other Threads:
  0x0000000017da6800 VMThread [stack: 0x0000000018e40000,0x0000000018f40000] [id=13004]
  0x0000000017e3e800 WatcherThread [stack: 0x0000000019c40000,0x0000000019d40000] [id=13040]

VM state:not at safepoint (normal execution)

VM Mutex/Monitor currently owned by a thread: None

heap address: 0x0000000730a00000, size: 2294 MB, Compressed Oops mode: Zero based, Oop shift amount: 3
Narrow klass base: 0x0000000000000000, Narrow klass shift: 3
Compressed class space size: 1073741824 Address: 0x00000007c0000000

Heap:
 PSYoungGen      total 43008K, used 24837K [0x0000000790380000, 0x0000000793380000, 0x00000007c0000000)
  eden space 36864K, 67% used [0x0000000790380000,0x0000000791bc17e0,0x0000000792780000)
  from space 6144K, 0% used [0x0000000792780000,0x0000000792780000,0x0000000792d80000)
  to   space 6144K, 0% used [0x0000000792d80000,0x0000000792d80000,0x0000000793380000)
 ParOldGen       total 69632K, used 7769K [0x0000000730a00000, 0x0000000734e00000, 0x0000000790380000)
  object space 69632K, 11% used [0x0000000730a00000,0x00000007311965e8,0x0000000734e00000)
 Metaspace       used 22526K, capacity 22986K, committed 23168K, reserved 1069056K
  class space    used 2674K, capacity 2821K, committed 2944K, reserved 1048576K

Card table byte_map: [0x0000000011d90000,0x0000000012210000] byte_map_base: 0x000000000e40b000

Marking Bits: (ParMarkBitMap*) 0x000000006458f030
 Begin Bits: [0x0000000012810000, 0x0000000014be8000)
 End Bits:   [0x0000000014be8000, 0x0000000016fc0000)

Polling page: 0x00000000005f0000

CodeCache: size=245760Kb used=5579Kb max_used=5599Kb free=240180Kb
 bounds [0x00000000029d0000, 0x0000000002f50000, 0x00000000119d0000]
 total_blobs=2217 nmethods=1795 adapters=335
 compilation: enabled

Compilation events (10 events):
Event: 2.268 Thread 0x0000000017dff000 1796       3       java.lang.invoke.MethodHandles$Lookup::<init> (15 bytes)
Event: 2.269 Thread 0x0000000017dff000 nmethod 1796 0x0000000002f31750 code [0x0000000002f318a0, 0x0000000002f31a70]
Event: 2.269 Thread 0x0000000017dff000 1797       3       java.lang.invoke.MethodHandles$Lookup::in (125 bytes)
Event: 2.270 Thread 0x0000000017dff000 nmethod 1797 0x0000000002f30350 code [0x0000000002f30580, 0x0000000002f31218]
Event: 2.270 Thread 0x0000000017dff000 1798       3       jdk.internal.org.objectweb.asm.MethodWriter::visitCode (1 bytes)
Event: 2.270 Thread 0x0000000017dff000 nmethod 1798 0x0000000002f30050 code [0x0000000002f301a0, 0x0000000002f302f0]
Event: 2.273 Thread 0x0000000017dff000 1799       3       java.lang.Package::<init> (56 bytes)
Event: 2.274 Thread 0x0000000017dff000 nmethod 1799 0x0000000002f2fb90 code [0x0000000002f2fce0, 0x0000000002f2ff90]
Event: 2.285 Thread 0x0000000017dff000 1800       3       java.util.LinkedHashMap$LinkedValueIterator::next (8 bytes)
Event: 2.285 Thread 0x0000000017dff000 nmethod 1800 0x0000000002f3e510 code [0x0000000002f3e680, 0x0000000002f3e888]

GC Heap History (8 events):
Event: 0.897 GC heap before
{Heap before GC invocations=1 (full 0):
 PSYoungGen      total 43008K, used 36864K [0x0000000790380000, 0x0000000793380000, 0x00000007c0000000)
  eden space 36864K, 100% used [0x0000000790380000,0x0000000792780000,0x0000000792780000)
  from space 6144K, 0% used [0x0000000792d80000,0x0000000792d80000,0x0000000793380000)
  to   space 6144K, 0% used [0x0000000792780000,0x0000000792780000,0x0000000792d80000)
 ParOldGen       total 98304K, used 0K [0x0000000730a00000, 0x0000000736a00000, 0x0000000790380000)
  object space 98304K, 0% used [0x0000000730a00000,0x0000000730a00000,0x0000000736a00000)
 Metaspace       used 10680K, capacity 10844K, committed 11008K, reserved 1058816K
  class space    used 1140K, capacity 1212K, committed 1280K, reserved 1048576K
Event: 0.905 GC heap after
Heap after GC invocations=1 (full 0):
 PSYoungGen      total 43008K, used 6137K [0x0000000790380000, 0x0000000793380000, 0x00000007c0000000)
  eden space 36864K, 0% used [0x0000000790380000,0x0000000790380000,0x0000000792780000)
  from space 6144K, 99% used [0x0000000792780000,0x0000000792d7e760,0x0000000792d80000)
  to   space 6144K, 0% used [0x0000000792d80000,0x0000000792d80000,0x0000000793380000)
 ParOldGen       total 98304K, used 2278K [0x0000000730a00000, 0x0000000736a00000, 0x0000000790380000)
  object space 98304K, 2% used [0x0000000730a00000,0x0000000730c399d8,0x0000000736a00000)
 Metaspace       used 10680K, capacity 10844K, committed 11008K, reserved 1058816K
  class space    used 1140K, capacity 1212K, committed 1280K, reserved 1048576K
}
Event: 1.598 GC heap before
{Heap before GC invocations=2 (full 0):
 PSYoungGen      total 43008K, used 43001K [0x0000000790380000, 0x0000000793380000, 0x00000007c0000000)
  eden space 36864K, 100% used [0x0000000790380000,0x0000000792780000,0x0000000792780000)
  from space 6144K, 99% used [0x0000000792780000,0x0000000792d7e760,0x0000000792d80000)
  to   space 6144K, 0% used [0x0000000792d80000,0x0000000792d80000,0x0000000793380000)
 ParOldGen       total 98304K, used 2278K [0x0000000730a00000, 0x0000000736a00000, 0x0000000790380000)
  object space 98304K, 2% used [0x0000000730a00000,0x0000000730c399d8,0x0000000736a00000)
 Metaspace       used 18235K, capacity 18572K, committed 18944K, reserved 1067008K
  class space    used 2103K, capacity 2214K, committed 2304K, reserved 1048576K
Event: 1.611 GC heap after
Heap after GC invocations=2 (full 0):
 PSYoungGen      total 43008K, used 6123K [0x0000000790380000, 0x0000000793380000, 0x00000007c0000000)
  eden space 36864K, 0% used [0x0000000790380000,0x0000000790380000,0x0000000792780000)
  from space 6144K, 99% used [0x0000000792d80000,0x000000079337ac20,0x0000000793380000)
  to   space 6144K, 0% used [0x0000000792780000,0x0000000792780000,0x0000000792d80000)
 ParOldGen       total 98304K, used 7668K [0x0000000730a00000, 0x0000000736a00000, 0x0000000790380000)
  object space 98304K, 7% used [0x0000000730a00000,0x000000073117d298,0x0000000736a00000)
 Metaspace       used 18235K, capacity 18572K, committed 18944K, reserved 1067008K
  class space    used 2103K, capacity 2214K, committed 2304K, reserved 1048576K
}
Event: 1.810 GC heap before
{Heap before GC invocations=3 (full 0):
 PSYoungGen      total 43008K, used 17448K [0x0000000790380000, 0x0000000793380000, 0x00000007c0000000)
  eden space 36864K, 30% used [0x0000000790380000,0x0000000790e8f6b0,0x0000000792780000)
  from space 6144K, 99% used [0x0000000792d80000,0x000000079337ac20,0x0000000793380000)
  to   space 6144K, 0% used [0x0000000792780000,0x0000000792780000,0x0000000792d80000)
 ParOldGen       total 98304K, used 7668K [0x0000000730a00000, 0x0000000736a00000, 0x0000000790380000)
  object space 98304K, 7% used [0x0000000730a00000,0x000000073117d298,0x0000000736a00000)
 Metaspace       used 20771K, capacity 21160K, committed 21248K, reserved 1069056K
  class space    used 2434K, capacity 2560K, committed 2560K, reserved 1048576K
Event: 1.818 GC heap after
Heap after GC invocations=3 (full 0):
 PSYoungGen      total 43008K, used 6143K [0x0000000790380000, 0x0000000793380000, 0x00000007c0000000)
  eden space 36864K, 0% used [0x0000000790380000,0x0000000790380000,0x0000000792780000)
  from space 6144K, 99% used [0x0000000792780000,0x0000000792d7fe68,0x0000000792d80000)
  to   space 6144K, 0% used [0x0000000792d80000,0x0000000792d80000,0x0000000793380000)
 ParOldGen       total 98304K, used 9414K [0x0000000730a00000, 0x0000000736a00000, 0x0000000790380000)
  object space 98304K, 9% used [0x0000000730a00000,0x00000007313318c8,0x0000000736a00000)
 Metaspace       used 20771K, capacity 21160K, committed 21248K, reserved 1069056K
  class space    used 2434K, capacity 2560K, committed 2560K, reserved 1048576K
}
Event: 1.818 GC heap before
{Heap before GC invocations=4 (full 1):
 PSYoungGen      total 43008K, used 6143K [0x0000000790380000, 0x0000000793380000, 0x00000007c0000000)
  eden space 36864K, 0% used [0x0000000790380000,0x0000000790380000,0x0000000792780000)
  from space 6144K, 99% used [0x0000000792780000,0x0000000792d7fe68,0x0000000792d80000)
  to   space 6144K, 0% used [0x0000000792d80000,0x0000000792d80000,0x0000000793380000)
 ParOldGen       total 98304K, used 9414K [0x0000000730a00000, 0x0000000736a00000, 0x0000000790380000)
  object space 98304K, 9% used [0x0000000730a00000,0x00000007313318c8,0x0000000736a00000)
 Metaspace       used 20771K, capacity 21160K, committed 21248K, reserved 1069056K
  class space    used 2434K, capacity 2560K, committed 2560K, reserved 1048576K
Event: 1.858 GC heap after
Heap after GC invocations=4 (full 1):
 PSYoungGen      total 43008K, used 0K [0x0000000790380000, 0x0000000793380000, 0x00000007c0000000)
  eden space 36864K, 0% used [0x0000000790380000,0x0000000790380000,0x0000000792780000)
  from space 6144K, 0% used [0x0000000792780000,0x0000000792780000,0x0000000792d80000)
  to   space 6144K, 0% used [0x0000000792d80000,0x0000000792d80000,0x0000000793380000)
 ParOldGen       total 69632K, used 7769K [0x0000000730a00000, 0x0000000734e00000, 0x0000000790380000)
  object space 69632K, 11% used [0x0000000730a00000,0x00000007311965e8,0x0000000734e00000)
 Metaspace       used 20771K, capacity 21160K, committed 21248K, reserved 1069056K
  class space    used 2434K, capacity 2560K, committed 2560K, reserved 1048576K
}

Deoptimization events (10 events):
Event: 1.715 Thread 0x0000000002714000 Uncommon trap: reason=unstable_if action=reinterpret pc=0x0000000002c0cbbc method=java.lang.String.startsWith(Ljava/lang/String;I)Z @ 25
Event: 1.715 Thread 0x0000000002714000 Uncommon trap: reason=unstable_if action=reinterpret pc=0x0000000002b891dc method=java.lang.String.startsWith(Ljava/lang/String;I)Z @ 25
Event: 2.265 Thread 0x0000000002714000 Uncommon trap: reason=class_check action=maybe_recompile pc=0x0000000002f28320 method=gnu.trove.TObjectHash.computeHashCode(Ljava/lang/Object;)I @ 5
Event: 2.265 Thread 0x0000000002714000 Uncommon trap: reason=class_check action=maybe_recompile pc=0x0000000002f28320 method=gnu.trove.TObjectHash.computeHashCode(Ljava/lang/Object;)I @ 5
Event: 2.267 Thread 0x0000000002714000 Uncommon trap: reason=class_check action=maybe_recompile pc=0x0000000002f28320 method=gnu.trove.TObjectHash.computeHashCode(Ljava/lang/Object;)I @ 5
Event: 2.270 Thread 0x0000000002714000 Uncommon trap: reason=class_check action=maybe_recompile pc=0x0000000002f28320 method=gnu.trove.TObjectHash.computeHashCode(Ljava/lang/Object;)I @ 5
Event: 2.270 Thread 0x0000000002714000 Uncommon trap: reason=class_check action=maybe_recompile pc=0x0000000002f15588 method=gnu.trove.TObjectHash.equals(Ljava/lang/Object;Ljava/lang/Object;)Z @ 6
Event: 2.271 Thread 0x0000000002714000 Uncommon trap: reason=class_check action=maybe_recompile pc=0x0000000002f15588 method=gnu.trove.TObjectHash.equals(Ljava/lang/Object;Ljava/lang/Object;)Z @ 6
Event: 2.271 Thread 0x0000000002714000 Uncommon trap: reason=class_check action=maybe_recompile pc=0x0000000002f15588 method=gnu.trove.TObjectHash.equals(Ljava/lang/Object;Ljava/lang/Object;)Z @ 6
Event: 2.271 Thread 0x0000000002714000 Uncommon trap: reason=class_check action=maybe_recompile pc=0x0000000002f15588 method=gnu.trove.TObjectHash.equals(Ljava/lang/Object;Ljava/lang/Object;)Z @ 6

Classes redefined (0 events):
No events

Internal exceptions (10 events):
Event: 0.492 Thread 0x0000000002714000 Exception <a 'java/security/PrivilegedActionException'> (0x0000000791362870) thrown at [C:\src\AOSP-openjdk-git\hotspot\src\share\vm\prims\jvm.cpp, line 1502]
Event: 0.492 Thread 0x0000000002714000 Exception <a 'java/security/PrivilegedActionException'> (0x00000007913638c8) thrown at [C:\src\AOSP-openjdk-git\hotspot\src\share\vm\prims\jvm.cpp, line 1502]
Event: 0.492 Thread 0x0000000002714000 Exception <a 'java/security/PrivilegedActionException'> (0x0000000791363cc0) thrown at [C:\src\AOSP-openjdk-git\hotspot\src\share\vm\prims\jvm.cpp, line 1502]
Event: 0.752 Thread 0x0000000002714000 Exception <a 'java/lang/ArrayIndexOutOfBoundsException'> (0x00000007920c2820) thrown at [C:\src\AOSP-openjdk-git\hotspot\src\share\vm\runtime\sharedRuntime.cpp, line 605]
Event: 0.968 Thread 0x0000000002714000 Exception <a 'java/lang/ArrayIndexOutOfBoundsException'> (0x000000079068ed10) thrown at [C:\src\AOSP-openjdk-git\hotspot\src\share\vm\runtime\sharedRuntime.cpp, line 605]
Event: 1.444 Thread 0x0000000002714000 Exception <a 'java/lang/NoSuchMethodError': java.lang.Object.lambda$comparing$77a9974f$1(Ljava/util/function/Function;Ljava/lang/Object;Ljava/lang/Object;)I> (0x00000007921b19d8) thrown at [C:\src\AOSP-openjdk-git\hotspot\src\share\vm\interpreter\linkReso
Event: 1.466 Thread 0x0000000002714000 Exception <a 'java/lang/NoSuchMethodError': java.lang.Object.lambda$static$0()J> (0x00000007922b4ec8) thrown at [C:\src\AOSP-openjdk-git\hotspot\src\share\vm\interpreter\linkResolver.cpp, line 620]
Event: 1.651 Thread 0x0000000002714000 Exception <a 'java/lang/NoSuchMethodError': java.lang.Object.lambda$static$0(I)[Lorg/jetbrains/kotlin/com/intellij/openapi/editor/event/DocumentListener;> (0x0000000790604e68) thrown at [C:\src\AOSP-openjdk-git\hotspot\src\share\vm\interpreter\linkResolve
Event: 1.697 Thread 0x0000000002714000 Exception <a 'java/lang/NoSuchMethodError': java.lang.Object.lambda$static$0(I)[Lorg/jetbrains/kotlin/com/intellij/psi/PsiAnnotation;> (0x0000000790824068) thrown at [C:\src\AOSP-openjdk-git\hotspot\src\share\vm\interpreter\linkResolver.cpp, line 620]
Event: 1.773 Thread 0x0000000002714000 Exception <a 'java/lang/NoSuchMethodError': java.lang.Object.lambda$static$0(I)[Lorg/jetbrains/kotlin/com/intellij/psi/PsiElement;> (0x0000000790cc4890) thrown at [C:\src\AOSP-openjdk-git\hotspot\src\share\vm\interpreter\linkResolver.cpp, line 620]

Events (10 events):
Event: 2.291 loading class org/jetbrains/kotlin/descriptors/DeclarationDescriptorWithSource
Event: 2.291 loading class org/jetbrains/kotlin/descriptors/DeclarationDescriptorWithSource done
Event: 2.292 loading class org/jetbrains/kotlin/descriptors/DeclarationDescriptor
Event: 2.292 loading class org/jetbrains/kotlin/descriptors/DeclarationDescriptor done
Event: 2.292 loading class org/jetbrains/kotlin/descriptors/Named
Event: 2.292 loading class org/jetbrains/kotlin/descriptors/Named done
Event: 2.292 loading class org/jetbrains/kotlin/descriptors/annotations/Annotated
Event: 2.292 loading class org/jetbrains/kotlin/descriptors/annotations/Annotated done
Event: 2.293 loading class org/jetbrains/kotlin/descriptors/ModuleDescriptor
Event: 2.293 loading class org/jetbrains/kotlin/descriptors/ModuleDescriptor done


Dynamic libraries:
0x00007ff7aae40000 - 0x00007ff7aae71000 	F:\Android\jre\jre\bin\java.exe
0x00007ff8c11e0000 - 0x00007ff8c13d0000 	C:\WINDOWS\SYSTEM32\ntdll.dll
0x00007ff8c0040000 - 0x00007ff8c00f2000 	C:\WINDOWS\System32\KERNEL32.DLL
0x00007ff8be490000 - 0x00007ff8be735000 	C:\WINDOWS\System32\KERNELBASE.dll
0x00007ff8c0100000 - 0x00007ff8c01a3000 	C:\WINDOWS\System32\ADVAPI32.dll
0x00007ff8c1100000 - 0x00007ff8c119e000 	C:\WINDOWS\System32\msvcrt.dll
0x00007ff8c0b60000 - 0x00007ff8c0bf7000 	C:\WINDOWS\System32\sechost.dll
0x00007ff8bf460000 - 0x00007ff8bf580000 	C:\WINDOWS\System32\RPCRT4.dll
0x00007ff8c01e0000 - 0x00007ff8c0374000 	C:\WINDOWS\System32\USER32.dll
0x00007ff8be170000 - 0x00007ff8be191000 	C:\WINDOWS\System32\win32u.dll
0x00007ff8c0980000 - 0x00007ff8c09a6000 	C:\WINDOWS\System32\GDI32.dll
0x00007ff8be7e0000 - 0x00007ff8be976000 	C:\WINDOWS\System32\gdi32full.dll
0x00007ff8be740000 - 0x00007ff8be7de000 	C:\WINDOWS\System32\msvcp_win.dll
0x00007ff8be390000 - 0x00007ff8be48a000 	C:\WINDOWS\System32\ucrtbase.dll
0x00007ff8a83c0000 - 0x00007ff8a8644000 	C:\WINDOWS\WinSxS\amd64_microsoft.windows.common-controls_6595b64144ccf1df_6.0.18362.1139_none_9e7bf2d3e4605ac6\COMCTL32.dll
0x00007ff8bf580000 - 0x00007ff8bf8b5000 	C:\WINDOWS\System32\combase.dll
0x00007ff8be1a0000 - 0x00007ff8be220000 	C:\WINDOWS\System32\bcryptPrimitives.dll
0x00007ff8c01b0000 - 0x00007ff8c01de000 	C:\WINDOWS\System32\IMM32.DLL
0x0000000063c00000 - 0x0000000063cd2000 	F:\Android\jre\jre\bin\msvcr100.dll
0x0000000063dc0000 - 0x000000006460b000 	F:\Android\jre\jre\bin\server\jvm.dll
0x00007ff8c0a10000 - 0x00007ff8c0a18000 	C:\WINDOWS\System32\PSAPI.DLL
0x00007ff8b7160000 - 0x00007ff8b7184000 	C:\WINDOWS\SYSTEM32\WINMM.dll
0x00007ff8aed20000 - 0x00007ff8aed29000 	C:\WINDOWS\SYSTEM32\WSOCK32.dll
0x00007ff8c1090000 - 0x00007ff8c10ff000 	C:\WINDOWS\System32\WS2_32.dll
0x00007ff8b3bf0000 - 0x00007ff8b3bfa000 	C:\WINDOWS\SYSTEM32\VERSION.dll
0x00007ff8b7130000 - 0x00007ff8b715d000 	C:\WINDOWS\SYSTEM32\WINMMBASE.dll
0x00007ff8bf210000 - 0x00007ff8bf25a000 	C:\WINDOWS\System32\cfgmgr32.dll
0x00007ff8aec00000 - 0x00007ff8aec0f000 	F:\Android\jre\jre\bin\verify.dll
0x00007ff8aeb70000 - 0x00007ff8aeb99000 	F:\Android\jre\jre\bin\java.dll
0x00007ff8a3b70000 - 0x00007ff8a3b86000 	F:\Android\jre\jre\bin\zip.dll
0x00007ff8bf940000 - 0x00007ff8c0027000 	C:\WINDOWS\System32\SHELL32.dll
0x00007ff8c0d60000 - 0x00007ff8c0e09000 	C:\WINDOWS\System32\shcore.dll
0x00007ff8bea90000 - 0x00007ff8bf210000 	C:\WINDOWS\System32\windows.storage.dll
0x00007ff8be0f0000 - 0x00007ff8be113000 	C:\WINDOWS\System32\profapi.dll
0x00007ff8be120000 - 0x00007ff8be16a000 	C:\WINDOWS\System32\powrprof.dll
0x00007ff8be0a0000 - 0x00007ff8be0b0000 	C:\WINDOWS\System32\UMPDC.dll
0x00007ff8c09b0000 - 0x00007ff8c0a02000 	C:\WINDOWS\System32\shlwapi.dll
0x00007ff8be0b0000 - 0x00007ff8be0c1000 	C:\WINDOWS\System32\kernel.appcore.dll
0x00007ff8be220000 - 0x00007ff8be237000 	C:\WINDOWS\System32\cryptsp.dll
0x00007ff89ad80000 - 0x00007ff89ad9a000 	F:\Android\jre\jre\bin\net.dll
0x00007ff8bd840000 - 0x00007ff8bd8a7000 	C:\WINDOWS\system32\mswsock.dll
0x00007ff89a7a0000 - 0x00007ff89a7b3000 	F:\Android\jre\jre\bin\nio.dll

VM Arguments:
java_command: org.jetbrains.kotlin.cli.jvm.K2JVMCompiler @D:\Fsource\Abhi\Documents\Abhishek\Documents\2020\DA\app\build\20201122_8238438678515328652.compiler.options
java_class_path (initial): C:\Users\Abhi\.gradle\caches\modules-2\files-2.1\org.jetbrains.kotlin\kotlin-compiler-embeddable\1.4.10\38c4b99d5d5362debdd9302a866730379aa2328a\kotlin-compiler-embeddable-1.4.10.jar;C:\Users\Abhi\.gradle\caches\modules-2\files-2.1\org.jetbrains.kotlin\kotlin-reflect\1.4.10\e2b3c6695eee6085e606d96d685396dce23a3a06\kotlin-reflect-1.4.10.jar;C:\Users\Abhi\.gradle\caches\modules-2\files-2.1\org.jetbrains.kotlin\kotlin-stdlib\1.4.10\ea29e063d2bbe695be13e9d044dcfb0c7add398e\kotlin-stdlib-1.4.10.jar;C:\Users\Abhi\.gradle\caches\modules-2\files-2.1\org.jetbrains.kotlin\kotlin-script-runtime\1.4.10\7c19d9c2001e016cd7664cebe9eea66fc04a7f4f\kotlin-script-runtime-1.4.10.jar;C:\Users\Abhi\.gradle\caches\modules-2\files-2.1\org.jetbrains.kotlin\kotlin-daemon-embeddable\1.4.10\dbd67f42bed28043d17d7c860b06110a00a45970\kotlin-daemon-embeddable-1.4.10.jar;C:\Users\Abhi\.gradle\caches\modules-2\files-2.1\org.jetbrains.intellij.deps\trove4j\1.0.20181211\216c2e14b070f334479d800987affe4054cd563f\trove4j-1.0.20181211.jar;C:\Users\Abhi\.gradle\caches\modules-2\files-2.1\org.jetbrains.kotlin\kotlin-stdlib-common\1.4.10\6229be3465805c99db1142ad75e6c6ddeac0b04c\kotlin-stdlib-common-1.4.10.jar;C:\Users\Abhi\.gradle\caches\modules-2\files-2.1\org.jetbrains\annotations\13.0\919f0dfe192fb4e063e7dacadee7f8bb9a2672a9\annotations-13.0.jar;F:\Android\jre\lib\tools.jar
Launcher Type: SUN_STANDARD

Environment Variables:
CLASSPATH=.;D:\QuickTime\QTSystem\QTJava.zip
USERNAME=Abhi
OS=Windows_NT
PROCESSOR_IDENTIFIER=Intel64 Family 6 Model 58 Stepping 9, GenuineIntel



---------------  S Y S T E M  ---------------

OS: Windows 10.0 , 64 bit Build 18362 (10.0.18362.1110)

CPU:total 4 (initial active 4) (2 cores per cpu, 2 threads per core) family 6 model 58 stepping 9, cmov, cx8, fxsr, mmx, sse, sse2, sse3, ssse3, sse4.1, sse4.2, popcnt, avx, clmul, erms, ht, tsc, tscinvbit, tscinv

Memory: 4k page, physical 9395924k(1047912k free), swap 9395924k(8240k free)

vm_info: OpenJDK 64-Bit Server VM (25.242-b01) for windows-amd64 JRE (1.8.0_242-release-1644-b01), built by "builder" with MS VC++ 10.0 (VS2010)

time: Sun Nov 22 20:14:35 2020
timezone: India Standard Time
elapsed time: 2 seconds (0d 0h 0m 2s)

