#
# There is insufficient memory for the Java Runtime Environment to continue.
# Native memory allocation (malloc) failed to allocate 262160 bytes for Chunk::new
# Possible reasons:
#   The system is out of physical RAM or swap space
#   The process is running with CompressedOops enabled, and the Java Heap may be blocking the growth of the native heap
# Possible solutions:
#   Reduce memory load on the system
#   Increase physical memory or swap space
#   Check if swap backing store is full
#   Decrease Java heap size (-Xmx/-Xms)
#   Decrease number of Java threads
#   Decrease Java thread stack sizes (-Xss)
#   Set larger code cache with -XX:ReservedCodeCacheSize=
#   JVM is running with Unscaled Compressed Oops mode in which the Java heap is
#     placed in the first 4GB address space. The Java Heap base address is the
#     maximum limit for the native heap growth. Please use -XX:HeapBaseMinAddress
#     to set the Java Heap base and to place the Java Heap above 4GB virtual address.
# This output file may be truncated or incomplete.
#
#  Out of Memory Error (allocation.cpp:389), pid=1452, tid=0x0000000000002afc
#
# JRE version: OpenJDK Runtime Environment (8.0_242-b01) (build 1.8.0_242-release-1644-b01)
# Java VM: OpenJDK 64-Bit Server VM (25.242-b01 mixed mode windows-amd64 compressed oops)
# Failed to write core dump. Minidumps are not enabled by default on client versions of Windows
#

---------------  T H R E A D  ---------------

Current thread (0x00000000172fc800):  JavaThread "C2 CompilerThread0" daemon [_thread_in_native, id=11004, stack(0x0000000018960000,0x0000000018a60000)]

Stack: [0x0000000018960000,0x0000000018a60000]
[error occurred during error reporting (printing stack bounds), id 0xc0000005]

Native frames: (J=compiled Java code, j=interpreted, Vv=VM code, C=native code)


Current CompileTask:
C2: 154441 17781       4       java.io.ObjectOutputStream::writeClassDesc (60 bytes)


---------------  P R O C E S S  ---------------

Java Threads: ( => current thread )
  0x000000001b52b000 JavaThread "WorkerExecutor Queue Thread 4" [_thread_blocked, id=7828, stack(0x0000000034ee0000,0x0000000034fe0000)]
  0x000000001b84b800 JavaThread "WorkerExecutor Queue Thread 3" [_thread_blocked, id=4892, stack(0x0000000033dd0000,0x0000000033ed0000)]
  0x000000001b84e800 JavaThread "WorkerExecutor Queue Thread 2" [_thread_blocked, id=8628, stack(0x0000000033cd0000,0x0000000033dd0000)]
  0x000000001b84c000 JavaThread "WorkerExecutor Queue" [_thread_blocked, id=2608, stack(0x0000000033bd0000,0x0000000033cd0000)]
  0x000000001b84d800 JavaThread "Cache worker for execution history cache (D:\Fsource\Abhi\Documents\Abhishek\Documents\2020\DA\.gradle\6.5\executionHistory)" [_thread_blocked, id=10356, stack(0x0000000033800000,0x0000000033900000)]
  0x000000001b847800 JavaThread "Cache worker for file content cache (D:\Fsource\Abhi\Documents\Abhishek\Documents\2020\DA\.gradle\6.5\fileContent)" [_thread_blocked, id=1068, stack(0x0000000032300000,0x0000000032400000)]
  0x000000001b840000 JavaThread "Cache worker for Build Output Cleanup Cache (D:\Fsource\Abhi\Documents\Abhishek\Documents\2020\DA\.gradle\buildOutputCleanup)" [_thread_blocked, id=10628, stack(0x000000002c170000,0x000000002c270000)]
  0x000000001b847000 JavaThread "jar transforms Thread 228" [_thread_blocked, id=9432, stack(0x000000002c070000,0x000000002c170000)]
  0x000000001b841800 JavaThread "jar transforms Thread 227" [_thread_blocked, id=7188, stack(0x000000002bf70000,0x000000002c070000)]
  0x000000001b83f000 JavaThread "jar transforms Thread 226" [_thread_blocked, id=9172, stack(0x000000002be70000,0x000000002bf70000)]
  0x000000001b843000 JavaThread "jar transforms Thread 225" [_thread_blocked, id=5392, stack(0x000000002b970000,0x000000002ba70000)]
  0x000000001b846000 JavaThread "jar transforms Thread 224" [_thread_blocked, id=10048, stack(0x00000000285d0000,0x00000000286d0000)]
  0x000000001b845000 JavaThread "jar transforms Thread 223" [_thread_blocked, id=4932, stack(0x00000000282d0000,0x00000000283d0000)]
  0x000000001b844800 JavaThread "jar transforms Thread 222" [_thread_blocked, id=10668, stack(0x00000000280d0000,0x00000000281d0000)]
  0x000000001b842000 JavaThread "jar transforms Thread 221" [_thread_blocked, id=8896, stack(0x0000000027fd0000,0x00000000280d0000)]
  0x000000001b843800 JavaThread "jar transforms Thread 220" [_thread_blocked, id=4940, stack(0x0000000027ed0000,0x0000000027fd0000)]
  0x000000002ecb4000 JavaThread "jar transforms Thread 219" [_thread_blocked, id=7148, stack(0x0000000027dd0000,0x0000000027ed0000)]
  0x000000002ecb8800 JavaThread "jar transforms Thread 218" [_thread_blocked, id=5588, stack(0x0000000027cd0000,0x0000000027dd0000)]
  0x000000002ecb1000 JavaThread "jar transforms Thread 217" [_thread_blocked, id=3152, stack(0x0000000027bd0000,0x0000000027cd0000)]
  0x000000002ecb3000 JavaThread "jar transforms Thread 216" [_thread_blocked, id=6152, stack(0x0000000027ad0000,0x0000000027bd0000)]
  0x000000002ecb7800 JavaThread "jar transforms Thread 215" [_thread_blocked, id=5856, stack(0x00000000279d0000,0x0000000027ad0000)]
  0x000000002ecb7000 JavaThread "jar transforms Thread 214" [_thread_blocked, id=9208, stack(0x00000000278d0000,0x00000000279d0000)]
  0x000000002ecb6000 JavaThread "jar transforms Thread 213" [_thread_blocked, id=10548, stack(0x00000000277d0000,0x00000000278d0000)]
  0x000000002ecb2800 JavaThread "jar transforms Thread 212" [_thread_blocked, id=3008, stack(0x00000000276d0000,0x00000000277d0000)]
  0x000000002ecb1800 JavaThread "jar transforms Thread 211" [_thread_blocked, id=7448, stack(0x00000000275d0000,0x00000000276d0000)]
  0x000000002ecb5800 JavaThread "jar transforms Thread 210" [_thread_blocked, id=7932, stack(0x00000000274d0000,0x00000000275d0000)]
  0x000000002ecb4800 JavaThread "jar transforms Thread 209" [_thread_blocked, id=2372, stack(0x00000000273d0000,0x00000000274d0000)]
  0x000000002eca9000 JavaThread "jar transforms Thread 208" [_thread_blocked, id=7484, stack(0x00000000272d0000,0x00000000273d0000)]
  0x000000002ecb0000 JavaThread "jar transforms Thread 207" [_thread_blocked, id=11232, stack(0x00000000271d0000,0x00000000272d0000)]
  0x000000002ecaf800 JavaThread "jar transforms Thread 206" [_thread_blocked, id=9880, stack(0x00000000270d0000,0x00000000271d0000)]
  0x000000002ecac000 JavaThread "jar transforms Thread 205" [_thread_blocked, id=11160, stack(0x0000000026fd0000,0x00000000270d0000)]
  0x000000002ecaa000 JavaThread "jar transforms Thread 204" [_thread_blocked, id=8428, stack(0x0000000026ed0000,0x0000000026fd0000)]
  0x000000002ecae000 JavaThread "jar transforms Thread 203" [_thread_blocked, id=8604, stack(0x0000000026dd0000,0x0000000026ed0000)]
  0x000000002ecad000 JavaThread "jar transforms Thread 202" [_thread_blocked, id=7528, stack(0x0000000026cd0000,0x0000000026dd0000)]
  0x000000002ecaa800 JavaThread "jar transforms Thread 201" [_thread_blocked, id=5904, stack(0x0000000026bd0000,0x0000000026cd0000)]
  0x000000002ecae800 JavaThread "jar transforms Thread 200" [_thread_blocked, id=9364, stack(0x0000000026ad0000,0x0000000026bd0000)]
  0x000000002ecab800 JavaThread "jar transforms Thread 199" [_thread_blocked, id=10272, stack(0x00000000269d0000,0x0000000026ad0000)]
  0x00000000197e3000 JavaThread "jar transforms Thread 198" [_thread_blocked, id=10124, stack(0x00000000268d0000,0x00000000269d0000)]
  0x00000000197e0000 JavaThread "jar transforms Thread 197" [_thread_blocked, id=4696, stack(0x00000000267d0000,0x00000000268d0000)]
  0x00000000197e2800 JavaThread "jar transforms Thread 196" [_thread_blocked, id=2536, stack(0x00000000266d0000,0x00000000267d0000)]
  0x00000000197e7000 JavaThread "jar transforms Thread 195" [_thread_blocked, id=9272, stack(0x00000000265d0000,0x00000000266d0000)]
  0x00000000197e1800 JavaThread "jar transforms Thread 194" [_thread_blocked, id=9324, stack(0x00000000264d0000,0x00000000265d0000)]
  0x00000000197e5800 JavaThread "jar transforms Thread 193" [_thread_blocked, id=2560, stack(0x00000000263d0000,0x00000000264d0000)]
  0x00000000197e6000 JavaThread "jar transforms Thread 192" [_thread_blocked, id=11240, stack(0x00000000262d0000,0x00000000263d0000)]
  0x00000000197e1000 JavaThread "jar transforms Thread 191" [_thread_blocked, id=8248, stack(0x00000000261d0000,0x00000000262d0000)]
  0x00000000197e4800 JavaThread "jar transforms Thread 190" [_thread_blocked, id=11196, stack(0x00000000260d0000,0x00000000261d0000)]
  0x00000000197e4000 JavaThread "jar transforms Thread 189" [_thread_blocked, id=9944, stack(0x0000000025fd0000,0x00000000260d0000)]
  0x00000000197d8800 JavaThread "jar transforms Thread 188" [_thread_blocked, id=8980, stack(0x0000000025ed0000,0x0000000025fd0000)]
  0x00000000197df800 JavaThread "jar transforms Thread 187" [_thread_blocked, id=11040, stack(0x0000000025dd0000,0x0000000025ed0000)]
  0x00000000197de000 JavaThread "jar transforms Thread 186" [_thread_blocked, id=11212, stack(0x0000000025cd0000,0x0000000025dd0000)]
  0x00000000197dd000 JavaThread "jar transforms Thread 185" [_thread_blocked, id=10108, stack(0x0000000025bd0000,0x0000000025cd0000)]
  0x00000000197db000 JavaThread "jar transforms Thread 184" [_thread_blocked, id=10468, stack(0x0000000025ad0000,0x0000000025bd0000)]
  0x00000000197db800 JavaThread "jar transforms Thread 183" [_thread_blocked, id=11156, stack(0x00000000259d0000,0x0000000025ad0000)]
  0x00000000197da000 JavaThread "jar transforms Thread 182" [_thread_blocked, id=9316, stack(0x00000000258d0000,0x00000000259d0000)]
  0x00000000197de800 JavaThread "jar transforms Thread 181" [_thread_blocked, id=3016, stack(0x00000000257d0000,0x00000000258d0000)]
  0x00000000197d8000 JavaThread "jar transforms Thread 180" [_thread_blocked, id=7716, stack(0x00000000256d0000,0x00000000257d0000)]
  0x00000000197dc800 JavaThread "jar transforms Thread 179" [_thread_blocked, id=7588, stack(0x00000000255d0000,0x00000000256d0000)]
  0x00000000197d9800 JavaThread "jar transforms Thread 178" [_thread_blocked, id=6216, stack(0x00000000254d0000,0x00000000255d0000)]
  0x000000001a83e800 JavaThread "jar transforms Thread 177" [_thread_blocked, id=6660, stack(0x00000000253d0000,0x00000000254d0000)]
  0x000000001a83b800 JavaThread "jar transforms Thread 176" [_thread_blocked, id=9820, stack(0x00000000252d0000,0x00000000253d0000)]
  0x000000001a83a800 JavaThread "jar transforms Thread 175" [_thread_blocked, id=10344, stack(0x00000000251d0000,0x00000000252d0000)]
  0x000000001a83d000 JavaThread "jar transforms Thread 174" [_thread_blocked, id=4004, stack(0x00000000250d0000,0x00000000251d0000)]
  0x000000001a83a000 JavaThread "jar transforms Thread 173" [_thread_blocked, id=9776, stack(0x0000000024fd0000,0x00000000250d0000)]
  0x000000001af4c800 JavaThread "jar transforms Thread 172" [_thread_blocked, id=8856, stack(0x0000000024ed0000,0x0000000024fd0000)]
  0x000000001af4b800 JavaThread "jar transforms Thread 171" [_thread_blocked, id=1732, stack(0x0000000024dd0000,0x0000000024ed0000)]
  0x000000001af4b000 JavaThread "jar transforms Thread 170" [_thread_blocked, id=9120, stack(0x0000000024cd0000,0x0000000024dd0000)]
  0x000000001af4a000 JavaThread "jar transforms Thread 169" [_thread_blocked, id=8992, stack(0x0000000024bd0000,0x0000000024cd0000)]
  0x000000001af42800 JavaThread "jar transforms Thread 168" [_thread_blocked, id=9540, stack(0x0000000024ad0000,0x0000000024bd0000)]
  0x000000001af47000 JavaThread "jar transforms Thread 167" [_thread_blocked, id=8732, stack(0x00000000249d0000,0x0000000024ad0000)]
  0x000000001af46800 JavaThread "jar transforms Thread 166" [_thread_blocked, id=9400, stack(0x00000000248d0000,0x00000000249d0000)]
  0x000000001af49800 JavaThread "jar transforms Thread 165" [_thread_blocked, id=10132, stack(0x00000000247d0000,0x00000000248d0000)]
  0x000000001af48800 JavaThread "jar transforms Thread 164" [_thread_blocked, id=7940, stack(0x00000000246d0000,0x00000000247d0000)]
  0x000000001af45800 JavaThread "jar transforms Thread 163" [_thread_blocked, id=9248, stack(0x00000000245d0000,0x00000000246d0000)]
  0x000000001af42000 JavaThread "jar transforms Thread 162" [_thread_blocked, id=7508, stack(0x00000000244d0000,0x00000000245d0000)]
  0x000000001af3e000 JavaThread "jar transforms Thread 161" [_thread_blocked, id=3296, stack(0x00000000243d0000,0x00000000244d0000)]
  0x000000001af41000 JavaThread "jar transforms Thread 160" [_thread_blocked, id=10932, stack(0x00000000242d0000,0x00000000243d0000)]
  0x000000001af3d800 JavaThread "jar transforms Thread 159" [_thread_blocked, id=8768, stack(0x00000000241d0000,0x00000000242d0000)]
  0x000000001af40800 JavaThread "jar transforms Thread 158" [_thread_blocked, id=8476, stack(0x00000000240d0000,0x00000000241d0000)]
  0x000000001e396800 JavaThread "jar transforms Thread 157" [_thread_blocked, id=7468, stack(0x0000000023fd0000,0x00000000240d0000)]
  0x000000001e395800 JavaThread "jar transforms Thread 156" [_thread_blocked, id=10748, stack(0x0000000023ed0000,0x0000000023fd0000)]
  0x000000001e395000 JavaThread "jar transforms Thread 155" [_thread_blocked, id=9896, stack(0x0000000023dd0000,0x0000000023ed0000)]
  0x000000001e398000 JavaThread "jar transforms Thread 154" [_thread_blocked, id=1840, stack(0x0000000023cd0000,0x0000000023dd0000)]
  0x000000001e394000 JavaThread "jar transforms Thread 153" [_thread_blocked, id=11056, stack(0x0000000023bd0000,0x0000000023cd0000)]
  0x000000001e393800 JavaThread "jar transforms Thread 152" [_thread_blocked, id=7264, stack(0x0000000023ad0000,0x0000000023bd0000)]
  0x000000001e390800 JavaThread "jar transforms Thread 151" [_thread_blocked, id=4352, stack(0x00000000239d0000,0x0000000023ad0000)]
  0x000000001e392800 JavaThread "jar transforms Thread 150" [_thread_blocked, id=10260, stack(0x00000000238d0000,0x00000000239d0000)]
  0x000000001e397000 JavaThread "jar transforms Thread 149" [_thread_blocked, id=8708, stack(0x00000000237d0000,0x00000000238d0000)]
  0x000000001e391000 JavaThread "jar transforms Thread 148" [_thread_blocked, id=244, stack(0x00000000236d0000,0x00000000237d0000)]
  0x000000001e392000 JavaThread "jar transforms Thread 147" [_thread_blocked, id=8068, stack(0x00000000235d0000,0x00000000236d0000)]
  0x000000001e389000 JavaThread "jar transforms Thread 146" [_thread_blocked, id=6328, stack(0x00000000234d0000,0x00000000235d0000)]
  0x000000001e38f000 JavaThread "jar transforms Thread 145" [_thread_blocked, id=8936, stack(0x00000000233d0000,0x00000000234d0000)]
  0x000000001e38e000 JavaThread "jar transforms Thread 144" [_thread_blocked, id=8320, stack(0x00000000232d0000,0x00000000233d0000)]
  0x000000001e389800 JavaThread "jar transforms Thread 143" [_thread_blocked, id=10016, stack(0x00000000231d0000,0x00000000232d0000)]
  0x000000001e38d800 JavaThread "jar transforms Thread 142" [_thread_blocked, id=2648, stack(0x00000000230d0000,0x00000000231d0000)]
  0x000000001e38f800 JavaThread "jar transforms Thread 141" [_thread_blocked, id=1592, stack(0x0000000022fd0000,0x00000000230d0000)]
  0x000000002f7ca000 JavaThread "jar transforms Thread 140" [_thread_blocked, id=8572, stack(0x0000000022ed0000,0x0000000022fd0000)]
  0x000000002f7c9800 JavaThread "jar transforms Thread 139" [_thread_blocked, id=2612, stack(0x0000000022dd0000,0x0000000022ed0000)]
  0x000000002f7c8800 JavaThread "jar transforms Thread 138" [_thread_blocked, id=10980, stack(0x0000000022cd0000,0x0000000022dd0000)]
  0x000000002f7c1000 JavaThread "jar transforms Thread 137" [_thread_blocked, id=2532, stack(0x0000000022bd0000,0x0000000022cd0000)]
  0x000000002f7c8000 JavaThread "jar transforms Thread 136" [_thread_blocked, id=10464, stack(0x0000000022ad0000,0x0000000022bd0000)]
  0x000000002f7c7000 JavaThread "jar transforms Thread 135" [_thread_blocked, id=9600, stack(0x00000000229d0000,0x0000000022ad0000)]
  0x000000002f7c0800 JavaThread "jar transforms Thread 134" [_thread_blocked, id=9332, stack(0x00000000228d0000,0x00000000229d0000)]
  0x000000002f7c5800 JavaThread "jar transforms Thread 133" [_thread_blocked, id=4708, stack(0x00000000227d0000,0x00000000228d0000)]
  0x000000002f7c5000 JavaThread "jar transforms Thread 132" [_thread_blocked, id=8748, stack(0x00000000226d0000,0x00000000227d0000)]
  0x000000002f7c6800 JavaThread "jar transforms Thread 131" [_thread_blocked, id=7820, stack(0x00000000225d0000,0x00000000226d0000)]
  0x000000002f7bd000 JavaThread "jar transforms Thread 130" [_thread_blocked, id=9008, stack(0x00000000224d0000,0x00000000225d0000)]
  0x000000002f7c4000 JavaThread "jar transforms Thread 129" [_thread_blocked, id=10808, stack(0x00000000223d0000,0x00000000224d0000)]
  0x000000002f7bc800 JavaThread "jar transforms Thread 128" [_thread_blocked, id=10096, stack(0x00000000222d0000,0x00000000223d0000)]
  0x000000002f7c3800 JavaThread "jar transforms Thread 127" [_thread_blocked, id=9260, stack(0x00000000221d0000,0x00000000222d0000)]
  0x000000002f7c2800 JavaThread "jar transforms Thread 126" [_thread_blocked, id=8456, stack(0x00000000220d0000,0x00000000221d0000)]
  0x000000002f7bb000 JavaThread "jar transforms Thread 125" [_thread_blocked, id=1348, stack(0x0000000021fd0000,0x00000000220d0000)]
  0x000000002f7c2000 JavaThread "jar transforms Thread 124" [_thread_blocked, id=8200, stack(0x0000000021ed0000,0x0000000021fd0000)]
  0x000000002f7bf800 JavaThread "jar transforms Thread 123" [_thread_blocked, id=8412, stack(0x0000000021dd0000,0x0000000021ed0000)]
  0x000000002f7bb800 JavaThread "jar transforms Thread 122" [_thread_blocked, id=10364, stack(0x0000000021cd0000,0x0000000021dd0000)]
  0x000000002f7be800 JavaThread "jar transforms Thread 121" [_thread_blocked, id=10524, stack(0x0000000021bd0000,0x0000000021cd0000)]
  0x000000001d5bb800 JavaThread "jar transforms Thread 120" [_thread_blocked, id=10152, stack(0x0000000021ad0000,0x0000000021bd0000)]
  0x000000001d5ba800 JavaThread "jar transforms Thread 119" [_thread_blocked, id=8964, stack(0x00000000219d0000,0x0000000021ad0000)]
  0x000000001d5bd000 JavaThread "jar transforms Thread 118" [_thread_blocked, id=9420, stack(0x00000000218d0000,0x00000000219d0000)]
  0x000000001d5ba000 JavaThread "jar transforms Thread 117" [_thread_blocked, id=1492, stack(0x00000000217d0000,0x00000000218d0000)]
  0x000000001d5be800 JavaThread "jar transforms Thread 116" [_thread_blocked, id=1652, stack(0x00000000210d0000,0x00000000211d0000)]
  0x000000001d5b9000 JavaThread "jar transforms Thread 115" [_thread_blocked, id=10604, stack(0x0000000020fd0000,0x00000000210d0000)]
  0x000000001d5b8800 JavaThread "Build operations Thread 4" [_thread_blocked, id=4812, stack(0x0000000020ed0000,0x0000000020fd0000)]
  0x000000001d5be000 JavaThread "Build operations Thread 3" [_thread_blocked, id=10804, stack(0x0000000020dd0000,0x0000000020ed0000)]
  0x000000001d5bf800 JavaThread "Build operations Thread 2" [_thread_blocked, id=6540, stack(0x000000001f600000,0x000000001f700000)]
  0x000000001d5b1000 JavaThread "Build operations" [_thread_blocked, id=8804, stack(0x000000001ee00000,0x000000001ef00000)]
  0x000000001d5b3000 JavaThread "Cache worker for cache directory md-rule (C:\Users\Abhi\.gradle\caches\6.5\md-rule)" [_thread_blocked, id=8588, stack(0x000000001ed00000,0x000000001ee00000)]
  0x000000001d5b0000 JavaThread "Cache worker for checksums cache (D:\Fsource\Abhi\Documents\Abhishek\Documents\2020\DA\.gradle\checksums)" [_thread_blocked, id=6392, stack(0x000000001e650000,0x000000001e750000)]
  0x000000001d5b7000 JavaThread "Cache worker for file hash cache (D:\Fsource\Abhi\Documents\Abhishek\Documents\2020\DA\.gradle\6.5\fileHashes)" [_thread_blocked, id=4764, stack(0x000000001cd80000,0x000000001ce80000)]
  0x000000001d5b6000 JavaThread "Thread-157" [_thread_blocked, id=8480, stack(0x000000001cc80000,0x000000001cd80000)]
  0x000000001d5b4000 JavaThread "Stdin handler" [_thread_blocked, id=10032, stack(0x000000001cb80000,0x000000001cc80000)]
  0x000000001d5b5800 JavaThread "Asynchronous log dispatcher for DefaultDaemonConnection: socket connection from /127.0.0.1:52886 to /127.0.0.1:53179" [_thread_blocked, id=3148, stack(0x000000001c140000,0x000000001c240000)]
  0x000000001d5b4800 JavaThread "Cancel handler" [_thread_blocked, id=5512, stack(0x000000001c040000,0x000000001c140000)]
  0x000000001d5b1800 JavaThread "Handler for socket connection from /127.0.0.1:52886 to /127.0.0.1:53179" [_thread_in_native, id=8396, stack(0x0000000000b70000,0x0000000000c70000)]
  0x000000001d5bc800 JavaThread "Memory manager" [_thread_blocked, id=5188, stack(0x000000002b870000,0x000000002b970000)]
  0x000000001a83f000 JavaThread "Cache worker for file content cache (C:\Users\Abhi\.gradle\caches\6.5\fileContent)" [_thread_blocked, id=9972, stack(0x000000001f700000,0x000000001f800000)]
  0x000000001a83d800 JavaThread "Cache worker for execution history cache (C:\Users\Abhi\.gradle\caches\6.5\executionHistory)" [_thread_blocked, id=3996, stack(0x000000001ef00000,0x000000001f000000)]
  0x000000001a840800 JavaThread "Cache worker for file hash cache (C:\Users\Abhi\.gradle\caches\6.5\fileHashes)" [_thread_blocked, id=8400, stack(0x000000001d380000,0x000000001d480000)]
  0x000000001a83c000 JavaThread "File lock request listener" [_thread_in_native, id=10168, stack(0x000000001d280000,0x000000001d380000)]
  0x000000001adf0800 JavaThread "Cache worker for journal cache (C:\Users\Abhi\.gradle\caches\journal-1)" [_thread_blocked, id=9724, stack(0x000000001d080000,0x000000001d180000)]
  0x0000000019361000 JavaThread "Daemon worker" [_thread_in_native, id=10340, stack(0x000000001ca80000,0x000000001cb80000)]
  0x00000000192d9000 JavaThread "Daemon" [_thread_blocked, id=6836, stack(0x000000001c580000,0x000000001c680000)]
  0x00000000192d8000 JavaThread "Daemon periodic checks" [_thread_blocked, id=4576, stack(0x000000001c480000,0x000000001c580000)]
  0x00000000192d7800 JavaThread "Incoming local TCP Connector on port 52886" [_thread_in_native, id=10916, stack(0x000000001c240000,0x000000001c340000)]
  0x0000000018d8a000 JavaThread "Daemon health stats" [_thread_blocked, id=124, stack(0x000000001bc00000,0x000000001bd00000)]
  0x0000000018cac800 JavaThread "Service Thread" daemon [_thread_blocked, id=9452, stack(0x0000000019060000,0x0000000019160000)]
  0x000000001730a000 JavaThread "C1 CompilerThread2" daemon [_thread_blocked, id=6344, stack(0x0000000018b60000,0x0000000018c60000)]
  0x0000000017304000 JavaThread "C2 CompilerThread1" daemon [_thread_in_native, id=2116, stack(0x0000000018a60000,0x0000000018b60000)]
=>0x00000000172fc800 JavaThread "C2 CompilerThread0" daemon [_thread_in_native, id=11004, stack(0x0000000018960000,0x0000000018a60000)]
  0x00000000172fb800 JavaThread "Attach Listener" daemon [_thread_blocked, id=3324, stack(0x0000000018860000,0x0000000018960000)]
  0x00000000172fa000 JavaThread "Signal Dispatcher" daemon [_thread_blocked, id=9456, stack(0x0000000018760000,0x0000000018860000)]
  0x00000000026c8800 JavaThread "Finalizer" daemon [_thread_blocked, id=8220, stack(0x0000000018540000,0x0000000018640000)]
  0x00000000172d9000 JavaThread "Reference Handler" daemon [_thread_blocked, id=3120, stack(0x0000000018440000,0x0000000018540000)]
  0x00000000025d3800 JavaThread "main" [_thread_blocked, id=6700, stack(0x0000000002430000,0x0000000002530000)]

Other Threads:
  0x00000000172b6800 VMThread [stack: 0x0000000018340000,0x0000000018440000] [id=5428]
  0x0000000018cad000 WatcherThread [stack: 0x0000000019160000,0x0000000019260000] [id=2756]

VM state:not at safepoint (normal execution)

VM Mutex/Monitor currently owned by a thread: None

heap address: 0x0000000080000000, size: 2048 MB, Compressed Oops mode: 32-bit
Narrow klass base: 0x0000000000000000, Narrow klass shift: 3
Compressed class space size: 1073741824 Address: 0x0000000100000000

Heap:
 PSYoungGen      total 635904K, used 551390K [0x00000000d5580000, 0x0000000100000000, 0x0000000100000000)
  eden space 607744K, 86% used [0x00000000d5580000,0x00000000f54791b0,0x00000000fa700000)
  from space 28160K, 99% used [0x00000000fe300000,0x00000000ffe7e920,0x00000000ffe80000)
  to   space 45568K, 0% used [0x00000000fa700000,0x00000000fa700000,0x00000000fd380000)
 ParOldGen       total 212480K, used 112756K [0x0000000080000000, 0x000000008cf80000, 0x00000000d5580000)
  object space 212480K, 53% used [0x0000000080000000,0x0000000086e1d0f8,0x000000008cf80000)
 Metaspace       used 92373K, capacity 96946K, committed 97176K, reserved 1134592K
  class space    used 12139K, capacity 12943K, committed 12976K, reserved 1048576K

Card table byte_map: [0x0000000011a90000,0x0000000011ea0000] byte_map_base: 0x0000000011690000

Marking Bits: (ParMarkBitMap*) 0x00000000591af030
 Begin Bits: [0x0000000012550000, 0x0000000014550000)
 End Bits:   [0x0000000014550000, 0x0000000016550000)

Polling page: 0x0000000000790000

CodeCache: size=245760Kb used=51661Kb max_used=51668Kb free=194098Kb
 bounds [0x00000000026d0000, 0x0000000005980000, 0x00000000116d0000]
 total_blobs=15721 nmethods=14850 adapters=780
 compilation: enabled

Compilation events (10 events):
Event: 154.350 Thread 0x000000001730a000 nmethod 17778 0x000000000596da50 code [0x000000000596dba0, 0x000000000596dcd0]
Event: 154.355 Thread 0x0000000017304000 17780   !   4       java.io.ObjectOutputStream::writeObject0 (619 bytes)
Event: 154.362 Thread 0x00000000172fc800 nmethod 17779 0x0000000005976d10 code [0x0000000005976e80, 0x0000000005977368]
Event: 154.366 Thread 0x00000000172fc800 17781       4       java.io.ObjectOutputStream::writeClassDesc (60 bytes)
Event: 154.394 Thread 0x000000001730a000 17782       3       java.util.concurrent.CopyOnWriteArrayList::setArray (6 bytes)
Event: 154.395 Thread 0x000000001730a000 nmethod 17782 0x000000000597e290 code [0x000000000597e3e0, 0x000000000597e550]
Event: 154.397 Thread 0x000000001730a000 17783       3       org.gradle.internal.snapshot.AbstractCompleteFileSystemLocationSnapshot$PathCompressingSnapshotWrapper::accept (9 bytes)
Event: 154.397 Thread 0x000000001730a000 nmethod 17783 0x000000000597db50 code [0x000000000597dcc0, 0x000000000597e030]
Event: 154.397 Thread 0x000000001730a000 17784       3       org.gradle.internal.snapshot.AbstractIncompleteSnapshotWithChildren::accept (40 bytes)
Event: 154.398 Thread 0x000000001730a000 nmethod 17784 0x000000000597d190 code [0x000000000597d340, 0x000000000597d958]

GC Heap History (10 events):
Event: 53.391 GC heap before
{Heap before GC invocations=32 (full 4):
 PSYoungGen      total 460288K, used 439359K [0x00000000d5580000, 0x00000000f6b80000, 0x0000000100000000)
  eden space 432640K, 100% used [0x00000000d5580000,0x00000000efc00000,0x00000000efc00000)
  from space 27648K, 24% used [0x00000000efc00000,0x00000000f028fc08,0x00000000f1700000)
  to   space 26112K, 0% used [0x00000000f5200000,0x00000000f5200000,0x00000000f6b80000)
 ParOldGen       total 212480K, used 73963K [0x0000000080000000, 0x000000008cf80000, 0x00000000d5580000)
  object space 212480K, 34% used [0x0000000080000000,0x000000008483ae90,0x000000008cf80000)
 Metaspace       used 80201K, capacity 84102K, committed 85400K, reserved 1122304K
  class space    used 10870K, capacity 11596K, committed 11952K, reserved 1048576K
Event: 53.422 GC heap after
Heap after GC invocations=32 (full 4):
 PSYoungGen      total 518656K, used 12455K [0x00000000d5580000, 0x00000000f6a80000, 0x0000000100000000)
  eden space 493568K, 0% used [0x00000000d5580000,0x00000000d5580000,0x00000000f3780000)
  from space 25088K, 49% used [0x00000000f5200000,0x00000000f5e29fc0,0x00000000f6a80000)
  to   space 26112K, 0% used [0x00000000f3780000,0x00000000f3780000,0x00000000f5100000)
 ParOldGen       total 212480K, used 73971K [0x0000000080000000, 0x000000008cf80000, 0x00000000d5580000)
  object space 212480K, 34% used [0x0000000080000000,0x000000008483ce90,0x000000008cf80000)
 Metaspace       used 80201K, capacity 84102K, committed 85400K, reserved 1122304K
  class space    used 10870K, capacity 11596K, committed 11952K, reserved 1048576K
}
Event: 55.871 GC heap before
{Heap before GC invocations=33 (full 4):
 PSYoungGen      total 518656K, used 506023K [0x00000000d5580000, 0x00000000f6a80000, 0x0000000100000000)
  eden space 493568K, 100% used [0x00000000d5580000,0x00000000f3780000,0x00000000f3780000)
  from space 25088K, 49% used [0x00000000f5200000,0x00000000f5e29fc0,0x00000000f6a80000)
  to   space 26112K, 0% used [0x00000000f3780000,0x00000000f3780000,0x00000000f5100000)
 ParOldGen       total 212480K, used 73971K [0x0000000080000000, 0x000000008cf80000, 0x00000000d5580000)
  object space 212480K, 34% used [0x0000000080000000,0x000000008483ce90,0x000000008cf80000)
 Metaspace       used 80207K, capacity 84102K, committed 85400K, reserved 1122304K
  class space    used 10870K, capacity 11596K, committed 11952K, reserved 1048576K
Event: 55.917 GC heap after
Heap after GC invocations=33 (full 4):
 PSYoungGen      total 519680K, used 21325K [0x00000000d5580000, 0x00000000fb680000, 0x0000000100000000)
  eden space 493568K, 0% used [0x00000000d5580000,0x00000000d5580000,0x00000000f3780000)
  from space 26112K, 81% used [0x00000000f3780000,0x00000000f4c536a0,0x00000000f5100000)
  to   space 28672K, 0% used [0x00000000f9a80000,0x00000000f9a80000,0x00000000fb680000)
 ParOldGen       total 212480K, used 73971K [0x0000000080000000, 0x000000008cf80000, 0x00000000d5580000)
  object space 212480K, 34% used [0x0000000080000000,0x000000008483ce90,0x000000008cf80000)
 Metaspace       used 80207K, capacity 84102K, committed 85400K, reserved 1122304K
  class space    used 10870K, capacity 11596K, committed 11952K, reserved 1048576K
}
Event: 58.518 GC heap before
{Heap before GC invocations=34 (full 4):
 PSYoungGen      total 519680K, used 514893K [0x00000000d5580000, 0x00000000fb680000, 0x0000000100000000)
  eden space 493568K, 100% used [0x00000000d5580000,0x00000000f3780000,0x00000000f3780000)
  from space 26112K, 81% used [0x00000000f3780000,0x00000000f4c536a0,0x00000000f5100000)
  to   space 28672K, 0% used [0x00000000f9a80000,0x00000000f9a80000,0x00000000fb680000)
 ParOldGen       total 212480K, used 73971K [0x0000000080000000, 0x000000008cf80000, 0x00000000d5580000)
  object space 212480K, 34% used [0x0000000080000000,0x000000008483ce90,0x000000008cf80000)
 Metaspace       used 80213K, capacity 84102K, committed 85400K, reserved 1122304K
  class space    used 10870K, capacity 11596K, committed 11952K, reserved 1048576K
Event: 58.562 GC heap after
Heap after GC invocations=34 (full 4):
 PSYoungGen      total 594432K, used 16133K [0x00000000d5580000, 0x00000000fb880000, 0x0000000100000000)
  eden space 565760K, 0% used [0x00000000d5580000,0x00000000d5580000,0x00000000f7e00000)
  from space 28672K, 56% used [0x00000000f9a80000,0x00000000faa416a0,0x00000000fb680000)
  to   space 29184K, 0% used [0x00000000f7e00000,0x00000000f7e00000,0x00000000f9a80000)
 ParOldGen       total 212480K, used 75736K [0x0000000080000000, 0x000000008cf80000, 0x00000000d5580000)
  object space 212480K, 35% used [0x0000000080000000,0x00000000849f60e0,0x000000008cf80000)
 Metaspace       used 80213K, capacity 84102K, committed 85400K, reserved 1122304K
  class space    used 10870K, capacity 11596K, committed 11952K, reserved 1048576K
}
Event: 64.642 GC heap before
{Heap before GC invocations=35 (full 4):
 PSYoungGen      total 594432K, used 581893K [0x00000000d5580000, 0x00000000fb880000, 0x0000000100000000)
  eden space 565760K, 100% used [0x00000000d5580000,0x00000000f7e00000,0x00000000f7e00000)
  from space 28672K, 56% used [0x00000000f9a80000,0x00000000faa416a0,0x00000000fb680000)
  to   space 29184K, 0% used [0x00000000f7e00000,0x00000000f7e00000,0x00000000f9a80000)
 ParOldGen       total 212480K, used 75736K [0x0000000080000000, 0x000000008cf80000, 0x00000000d5580000)
  object space 212480K, 35% used [0x0000000080000000,0x00000000849f60e0,0x000000008cf80000)
 Metaspace       used 80273K, capacity 84252K, committed 85400K, reserved 1122304K
  class space    used 10873K, capacity 11599K, committed 11952K, reserved 1048576K
Event: 64.680 GC heap after
Heap after GC invocations=35 (full 4):
 PSYoungGen      total 594944K, used 6220K [0x00000000d5580000, 0x00000000ffe80000, 0x0000000100000000)
  eden space 565760K, 0% used [0x00000000d5580000,0x00000000d5580000,0x00000000f7e00000)
  from space 29184K, 21% used [0x00000000f7e00000,0x00000000f8413018,0x00000000f9a80000)
  to   space 28160K, 0% used [0x00000000fe300000,0x00000000fe300000,0x00000000ffe80000)
 ParOldGen       total 212480K, used 79464K [0x0000000080000000, 0x000000008cf80000, 0x00000000d5580000)
  object space 212480K, 37% used [0x0000000080000000,0x0000000084d9a0e0,0x000000008cf80000)
 Metaspace       used 80273K, capacity 84252K, committed 85400K, reserved 1122304K
  class space    used 10873K, capacity 11599K, committed 11952K, reserved 1048576K
}
Event: 69.502 GC heap before
{Heap before GC invocations=36 (full 4):
 PSYoungGen      total 594944K, used 571980K [0x00000000d5580000, 0x00000000ffe80000, 0x0000000100000000)
  eden space 565760K, 100% used [0x00000000d5580000,0x00000000f7e00000,0x00000000f7e00000)
  from space 29184K, 21% used [0x00000000f7e00000,0x00000000f8413018,0x00000000f9a80000)
  to   space 28160K, 0% used [0x00000000fe300000,0x00000000fe300000,0x00000000ffe80000)
 ParOldGen       total 212480K, used 79464K [0x0000000080000000, 0x000000008cf80000, 0x00000000d5580000)
  object space 212480K, 37% used [0x0000000080000000,0x0000000084d9a0e0,0x000000008cf80000)
 Metaspace       used 82487K, capacity 86788K, committed 87320K, reserved 1124352K
  class space    used 11141K, capacity 11921K, committed 12080K, reserved 1048576K
Event: 69.632 GC heap after
Heap after GC invocations=36 (full 4):
 PSYoungGen      total 635904K, used 28154K [0x00000000d5580000, 0x0000000100000000, 0x0000000100000000)
  eden space 607744K, 0% used [0x00000000d5580000,0x00000000d5580000,0x00000000fa700000)
  from space 28160K, 99% used [0x00000000fe300000,0x00000000ffe7e920,0x00000000ffe80000)
  to   space 45568K, 0% used [0x00000000fa700000,0x00000000fa700000,0x00000000fd380000)
 ParOldGen       total 212480K, used 112756K [0x0000000080000000, 0x000000008cf80000, 0x00000000d5580000)
  object space 212480K, 53% used [0x0000000080000000,0x0000000086e1d0f8,0x000000008cf80000)
 Metaspace       used 82487K, capacity 86788K, committed 87320K, reserved 1124352K
  class space    used 11141K, capacity 11921K, committed 12080K, reserved 1048576K
}

Deoptimization events (10 events):
Event: 154.168 Thread 0x000000001b84e800 Uncommon trap: reason=class_check action=maybe_recompile pc=0x0000000002c78800 method=java.lang.Throwable.<init>(Ljava/lang/String;Ljava/lang/Throwable;)V @ 24
Event: 154.169 Thread 0x000000001b84e800 Uncommon trap: reason=unstable_if action=reinterpret pc=0x000000000590ee1c method=org.gradle.internal.operations.DefaultBuildOperationExecutor$3.stop()V @ 61
Event: 154.169 Thread 0x000000001b84d000 Uncommon trap: reason=class_check action=maybe_recompile pc=0x0000000002c78800 method=java.lang.Throwable.<init>(Ljava/lang/String;Ljava/lang/Throwable;)V @ 24
Event: 154.174 Thread 0x000000001b84d000 Uncommon trap: reason=unstable_if action=reinterpret pc=0x000000000590ee1c method=org.gradle.internal.operations.DefaultBuildOperationExecutor$3.stop()V @ 61
Event: 154.258 Thread 0x0000000019361000 Uncommon trap: reason=unstable_if action=reinterpret pc=0x0000000004195a20 method=java.util.Spliterators$1Adapter.next()Ljava/lang/Object; @ 4
Event: 154.307 Thread 0x0000000019361000 Uncommon trap: reason=unstable_if action=reinterpret pc=0x00000000055d1054 method=org.gradle.internal.logging.text.AbstractLineChoppingStyledTextOutput$2.execute(Lorg/gradle/internal/logging/text/AbstractLineChoppingStyledTextOutput$StateContext;)V @ 30
Event: 154.307 Thread 0x0000000019361000 Uncommon trap: reason=unstable_if action=reinterpret pc=0x0000000002afe484 method=org.gradle.internal.logging.text.AbstractLineChoppingStyledTextOutput$2.execute(Lorg/gradle/internal/logging/text/AbstractLineChoppingStyledTextOutput$StateContext;)V @ 30
Event: 154.319 Thread 0x0000000019361000 Uncommon trap: reason=bimorphic action=maybe_recompile pc=0x00000000058cf9d4 method=com.google.common.cache.LocalCache$Segment.get(Ljava/lang/Object;I)Ljava/lang/Object; @ 44
Event: 154.328 Thread 0x0000000019361000 Uncommon trap: reason=bimorphic action=maybe_recompile pc=0x00000000058cf9d4 method=com.google.common.cache.LocalCache$Segment.get(Ljava/lang/Object;I)Ljava/lang/Object; @ 44
Event: 154.331 Thread 0x0000000019361000 Uncommon trap: reason=bimorphic action=maybe_recompile pc=0x00000000058cf9d4 method=com.google.common.cache.LocalCache$Segment.get(Ljava/lang/Object;I)Ljava/lang/Object; @ 44

Classes redefined (0 events):
No events

Internal exceptions (10 events):
Event: 112.997 Thread 0x00000000192d9000 Exception <a 'java/lang/NoSuchMethodError': <clinit>> (0x00000000e7f220e8) thrown at [C:\src\AOSP-openjdk-git\hotspot\src\share\vm\prims\jni.cpp, line 1615]
Event: 112.997 Thread 0x00000000192d9000 Exception <a 'java/lang/NoSuchMethodError': <clinit>> (0x00000000e7f24598) thrown at [C:\src\AOSP-openjdk-git\hotspot\src\share\vm\prims\jni.cpp, line 1615]
Event: 112.999 Thread 0x00000000192d9000 Exception <a 'java/lang/NoSuchMethodError': <clinit>> (0x00000000e7f346b8) thrown at [C:\src\AOSP-openjdk-git\hotspot\src\share\vm\prims\jni.cpp, line 1615]
Event: 113.000 Thread 0x00000000192d9000 Exception <a 'java/lang/NoSuchMethodError': <clinit>> (0x00000000e7f3fa68) thrown at [C:\src\AOSP-openjdk-git\hotspot\src\share\vm\prims\jni.cpp, line 1615]
Event: 147.614 Thread 0x0000000019361000 Implicit null exception at 0x0000000002bcced5 to 0x0000000002bd1451
Event: 148.625 Thread 0x0000000019361000 Exception <a 'sun/nio/fs/WindowsException'> (0x00000000ef7fc868) thrown at [C:\src\AOSP-openjdk-git\hotspot\src\share\vm\prims\jni.cpp, line 710]
Event: 150.457 Thread 0x000000001b84d000 Exception <a 'java/lang/NoSuchMethodError': java.lang.Object.lambda$comparingByKey$bbdbfea9$1(Ljava/util/Map$Entry;Ljava/util/Map$Entry;)I> (0x00000000f26cb1e0) thrown at [C:\src\AOSP-openjdk-git\hotspot\src\share\vm\interpreter\linkResolver.cpp, line 620
Event: 152.505 Thread 0x000000001b840800 Implicit null exception at 0x000000000518b155 to 0x000000000518b2c5
Event: 154.168 Thread 0x000000001b84e800 Exception <a 'java/io/IOException'> (0x00000000f3f80610) thrown at [C:\src\AOSP-openjdk-git\hotspot\src\share\vm\prims\jni.cpp, line 710]
Event: 154.173 Thread 0x000000001b84d000 Exception <a 'java/lang/reflect/InvocationTargetException'> (0x00000000f4c78410) thrown at [C:\src\AOSP-openjdk-git\hotspot\src\share\vm\runtime\reflection.cpp, line 1092]

Events (10 events):
Event: 154.307 Thread 0x0000000019361000 DEOPT UNPACKING pc=0x000000000271557b sp=0x000000001cb7cbf8 mode 2
Event: 154.319 Thread 0x0000000019361000 Uncommon trap: trap_request=0xffffffc6 fr.pc=0x00000000058cf9d4
Event: 154.319 Thread 0x0000000019361000 DEOPT PACKING pc=0x00000000058cf9d4 sp=0x000000001cb7cf80
Event: 154.319 Thread 0x0000000019361000 DEOPT UNPACKING pc=0x000000000271557b sp=0x000000001cb7ceb0 mode 2
Event: 154.328 Thread 0x0000000019361000 Uncommon trap: trap_request=0xffffffc6 fr.pc=0x00000000058cf9d4
Event: 154.328 Thread 0x0000000019361000 DEOPT PACKING pc=0x00000000058cf9d4 sp=0x000000001cb7c570
Event: 154.328 Thread 0x0000000019361000 DEOPT UNPACKING pc=0x000000000271557b sp=0x000000001cb7c4a0 mode 2
Event: 154.331 Thread 0x0000000019361000 Uncommon trap: trap_request=0xffffffc6 fr.pc=0x00000000058cf9d4
Event: 154.331 Thread 0x0000000019361000 DEOPT PACKING pc=0x00000000058cf9d4 sp=0x000000001cb7cd80
Event: 154.331 Thread 0x0000000019361000 DEOPT UNPACKING pc=0x000000000271557b sp=0x000000001cb7ccb0 mode 2


Dynamic libraries:
0x00007ff604070000 - 0x00007ff6040a1000 	F:\Android\jre\bin\java.exe
0x00007ffe395e0000 - 0x00007ffe397d0000 	C:\WINDOWS\SYSTEM32\ntdll.dll
0x00007ffe37bb0000 - 0x00007ffe37c62000 	C:\WINDOWS\System32\KERNEL32.DLL
0x00007ffe36860000 - 0x00007ffe36b05000 	C:\WINDOWS\System32\KERNELBASE.dll
0x00007ffe38630000 - 0x00007ffe386d3000 	C:\WINDOWS\System32\ADVAPI32.dll
0x00007ffe386e0000 - 0x00007ffe3877e000 	C:\WINDOWS\System32\msvcrt.dll
0x00007ffe37d90000 - 0x00007ffe37e27000 	C:\WINDOWS\System32\sechost.dll
0x00007ffe378f0000 - 0x00007ffe37a10000 	C:\WINDOWS\System32\RPCRT4.dll
0x00007ffe37a10000 - 0x00007ffe37ba4000 	C:\WINDOWS\System32\USER32.dll
0x00007ffe37540000 - 0x00007ffe37561000 	C:\WINDOWS\System32\win32u.dll
0x00007ffe37690000 - 0x00007ffe376b6000 	C:\WINDOWS\System32\GDI32.dll
0x00007ffe36570000 - 0x00007ffe36706000 	C:\WINDOWS\System32\gdi32full.dll
0x00007ffe37570000 - 0x00007ffe3760e000 	C:\WINDOWS\System32\msvcp_win.dll
0x00007ffe36bf0000 - 0x00007ffe36cea000 	C:\WINDOWS\System32\ucrtbase.dll
0x00007ffe20280000 - 0x00007ffe20504000 	C:\WINDOWS\WinSxS\amd64_microsoft.windows.common-controls_6595b64144ccf1df_6.0.18362.1139_none_9e7bf2d3e4605ac6\COMCTL32.dll
0x00007ffe38780000 - 0x00007ffe38ab5000 	C:\WINDOWS\System32\combase.dll
0x00007ffe37610000 - 0x00007ffe37690000 	C:\WINDOWS\System32\bcryptPrimitives.dll
0x00007ffe393e0000 - 0x00007ffe3940e000 	C:\WINDOWS\System32\IMM32.DLL
0x0000000058820000 - 0x00000000588f2000 	F:\Android\jre\jre\bin\msvcr100.dll
0x00000000589e0000 - 0x000000005922b000 	F:\Android\jre\jre\bin\server\jvm.dll
0x00007ffe393c0000 - 0x00007ffe393c8000 	C:\WINDOWS\System32\PSAPI.DLL
0x00007ffe31c00000 - 0x00007ffe31c24000 	C:\WINDOWS\SYSTEM32\WINMM.dll
0x00007ffe295f0000 - 0x00007ffe295fa000 	C:\WINDOWS\SYSTEM32\VERSION.dll
0x00007ffe31bd0000 - 0x00007ffe31bfd000 	C:\WINDOWS\SYSTEM32\winmmbase.dll
0x00007ffe37470000 - 0x00007ffe374ba000 	C:\WINDOWS\System32\cfgmgr32.dll
0x00007ffe24b00000 - 0x00007ffe24b09000 	C:\WINDOWS\SYSTEM32\WSOCK32.dll
0x00007ffe37d20000 - 0x00007ffe37d8f000 	C:\WINDOWS\System32\ws2_32.DLL
0x00007ffe24af0000 - 0x00007ffe24aff000 	F:\Android\jre\jre\bin\verify.dll
0x00007ffe23590000 - 0x00007ffe235b9000 	F:\Android\jre\jre\bin\java.dll
0x00007ffe23530000 - 0x00007ffe23546000 	F:\Android\jre\jre\bin\zip.dll
0x00007ffe38c00000 - 0x00007ffe392e7000 	C:\WINDOWS\System32\SHELL32.dll
0x00007ffe38400000 - 0x00007ffe384a9000 	C:\WINDOWS\System32\shcore.dll
0x00007ffe36cf0000 - 0x00007ffe37470000 	C:\WINDOWS\System32\windows.storage.dll
0x00007ffe36520000 - 0x00007ffe36543000 	C:\WINDOWS\System32\profapi.dll
0x00007ffe364b0000 - 0x00007ffe364fa000 	C:\WINDOWS\System32\powrprof.dll
0x00007ffe364a0000 - 0x00007ffe364b0000 	C:\WINDOWS\System32\UMPDC.dll
0x00007ffe37f20000 - 0x00007ffe37f72000 	C:\WINDOWS\System32\shlwapi.dll
0x00007ffe36550000 - 0x00007ffe36561000 	C:\WINDOWS\System32\kernel.appcore.dll
0x00007ffe37520000 - 0x00007ffe37537000 	C:\WINDOWS\System32\cryptsp.dll
0x00007ffe23570000 - 0x00007ffe2358a000 	F:\Android\jre\jre\bin\net.dll
0x00007ffe35c40000 - 0x00007ffe35ca7000 	C:\WINDOWS\system32\mswsock.dll
0x00007ffe23550000 - 0x00007ffe23563000 	F:\Android\jre\jre\bin\nio.dll
0x00007ffe235c0000 - 0x00007ffe235e7000 	C:\Users\Abhi\.gradle\native\f6784746aeab05261644944871eae4fe03e0ef1612fff0a4a95f87b438bc6780\windows-amd64\native-platform.dll
0x00007ffe24ae0000 - 0x00007ffe24aed000 	F:\Android\jre\jre\bin\management.dll
0x00007ffe357c0000 - 0x00007ffe357f3000 	C:\WINDOWS\system32\rsaenh.dll
0x00007ffe36bc0000 - 0x00007ffe36be6000 	C:\WINDOWS\System32\bcrypt.dll
0x00007ffe36380000 - 0x00007ffe363a5000 	C:\WINDOWS\SYSTEM32\USERENV.dll
0x00007ffe35dc0000 - 0x00007ffe35dcc000 	C:\WINDOWS\SYSTEM32\CRYPTBASE.dll
0x00007ffe35960000 - 0x00007ffe3599a000 	C:\WINDOWS\SYSTEM32\IPHLPAPI.DLL
0x00007ffe383f0000 - 0x00007ffe383f8000 	C:\WINDOWS\System32\NSI.dll
0x00007ffe30c20000 - 0x00007ffe30c36000 	C:\WINDOWS\SYSTEM32\dhcpcsvc6.DLL
0x00007ffe30390000 - 0x00007ffe303ac000 	C:\WINDOWS\SYSTEM32\dhcpcsvc.DLL
0x00007ffe359a0000 - 0x00007ffe35a6b000 	C:\WINDOWS\SYSTEM32\DNSAPI.dll
0x00007ffe303b0000 - 0x00007ffe303bb000 	C:\WINDOWS\SYSTEM32\WINNSI.DLL
0x00007ffe246c0000 - 0x00007ffe246de000 	C:\Users\Abhi\AppData\Local\Temp\native-platform7283272387019721752dir\native-platform.dll

VM Arguments:
jvm_args: -Xmx2048m -Dfile.encoding=UTF-8 -Duser.country=US -Duser.language=en -Duser.variant 
java_command: org.gradle.launcher.daemon.bootstrap.GradleDaemon 6.5
java_class_path (initial): C:\Users\Abhi\.gradle\wrapper\dists\gradle-6.5-bin\6nifqtx7604sqp1q6g8wikw7p\gradle-6.5\lib\gradle-launcher-6.5.jar
Launcher Type: SUN_STANDARD

Environment Variables:
CLASSPATH=.;D:\QuickTime\QTSystem\QTJava.zip
USERNAME=Abhi
OS=Windows_NT
PROCESSOR_IDENTIFIER=Intel64 Family 6 Model 58 Stepping 9, GenuineIntel



---------------  S Y S T E M  ---------------

OS: Windows 10.0 , 64 bit Build 18362 (10.0.18362.1110)

CPU:total 4 (initial active 4) (2 cores per cpu, 2 threads per core) family 6 model 58 stepping 9, cmov, cx8, fxsr, mmx, sse, sse2, sse3, ssse3, sse4.1, sse4.2, popcnt, avx, clmul, erms, ht, tsc, tscinvbit, tscinv

Memory: 4k page, physical 9395924k(713036k free), swap 9395924k(576k free)

vm_info: OpenJDK 64-Bit Server VM (25.242-b01) for windows-amd64 JRE (1.8.0_242-release-1644-b01), built by "builder" with MS VC++ 10.0 (VS2010)

time: Sat Mar 27 17:18:10 2021
timezone: India Standard Time
elapsed time: 154 seconds (0d 0h 2m 34s)

