#
# There is insufficient memory for the Java Runtime Environment to continue.
# Native memory allocation (malloc) failed to allocate 648576 bytes for Chunk::new
# Possible reasons:
#   The system is out of physical RAM or swap space
#   The process is running with CompressedOops enabled, and the Java Heap may be blocking the growth of the native heap
# Possible solutions:
#   Reduce memory load on the system
#   Increase physical memory or swap space
#   Check if swap backing store is full
#   Decrease Java heap size (-Xmx/-Xms)
#   Decrease number of Java threads
#   Decrease Java thread stack sizes (-Xss)
#   Set larger code cache with -XX:ReservedCodeCacheSize=
#   JVM is running with Zero Based Compressed Oops mode in which the Java heap is
#     placed in the first 32GB address space. The Java Heap base address is the
#     maximum limit for the native heap growth. Please use -XX:HeapBaseMinAddress
#     to set the Java Heap base and to place the Java Heap above 32GB virtual address.
# This output file may be truncated or incomplete.
#
#  Out of Memory Error (allocation.cpp:389), pid=5560, tid=0x0000000000001804
#
# JRE version: OpenJDK Runtime Environment (8.0_242-b01) (build 1.8.0_242-release-1644-b01)
# Java VM: OpenJDK 64-Bit Server VM (25.242-b01 mixed mode windows-amd64 compressed oops)
# Failed to write core dump. Minidumps are not enabled by default on client versions of Windows
#

---------------  T H R E A D  ---------------

Current thread (0x00000000179c3000):  JavaThread "C2 CompilerThread1" daemon [_thread_in_native, id=6148, stack(0x0000000019120000,0x0000000019220000)]

Stack: [0x0000000019120000,0x0000000019220000]
[error occurred during error reporting (printing stack bounds), id 0xc0000005]

Native frames: (J=compiled Java code, j=interpreted, Vv=VM code, C=native code)


Current CompileTask:
C2:   4008 2828       4       org.jetbrains.org.objectweb.asm.ClassReader::readMethod (1047 bytes)


---------------  P R O C E S S  ---------------

Java Threads: ( => current thread )
  0x0000000017a0e800 JavaThread "Service Thread" daemon [_thread_blocked, id=1884, stack(0x0000000019720000,0x0000000019820000)]
  0x00000000179c9000 JavaThread "C1 CompilerThread2" daemon [_thread_in_native, id=2384, stack(0x0000000019220000,0x0000000019320000)]
=>0x00000000179c3000 JavaThread "C2 CompilerThread1" daemon [_thread_in_native, id=6148, stack(0x0000000019120000,0x0000000019220000)]
  0x00000000179be800 JavaThread "C2 CompilerThread0" daemon [_thread_in_native, id=6328, stack(0x0000000019020000,0x0000000019120000)]
  0x00000000179bd000 JavaThread "Attach Listener" daemon [_thread_blocked, id=8584, stack(0x0000000018f20000,0x0000000019020000)]
  0x00000000179bc000 JavaThread "Signal Dispatcher" daemon [_thread_blocked, id=2508, stack(0x0000000018e20000,0x0000000018f20000)]
  0x000000001799c800 JavaThread "Finalizer" daemon [_thread_blocked, id=1276, stack(0x0000000018c20000,0x0000000018d20000)]
  0x0000000017999000 JavaThread "Reference Handler" daemon [_thread_blocked, id=7720, stack(0x0000000018b20000,0x0000000018c20000)]
  0x00000000022d4000 JavaThread "main" [_thread_in_Java, id=6956, stack(0x00000000021a0000,0x00000000022a0000)]

Other Threads:
  0x0000000017976800 VMThread [stack: 0x0000000018a20000,0x0000000018b20000] [id=9320]
  0x000000001934a800 WatcherThread [stack: 0x0000000019820000,0x0000000019920000] [id=10776]

VM state:not at safepoint (normal execution)

VM Mutex/Monitor currently owned by a thread:  ([mutex/lock_event])
[0x00000000022d2c60] Compile_lock - owner thread: 0x0000000000000000

heap address: 0x0000000730a00000, size: 2294 MB, Compressed Oops mode: Zero based, Oop shift amount: 3
Narrow klass base: 0x0000000000000000, Narrow klass shift: 3
Compressed class space size: 1073741824 Address: 0x00000007c0000000

Heap:
 PSYoungGen      total 153600K, used 33087K [0x0000000790380000, 0x000000079cd00000, 0x00000007c0000000)
  eden space 147456K, 22% used [0x0000000790380000,0x00000007923cfc88,0x0000000799380000)
  from space 6144K, 0% used [0x0000000799380000,0x0000000799380000,0x0000000799980000)
  to   space 17408K, 0% used [0x000000079bc00000,0x000000079bc00000,0x000000079cd00000)
 ParOldGen       total 68096K, used 17748K [0x0000000730a00000, 0x0000000734c80000, 0x0000000790380000)
  object space 68096K, 26% used [0x0000000730a00000,0x0000000731b552e8,0x0000000734c80000)
 Metaspace       used 36622K, capacity 37155K, committed 37464K, reserved 1081344K
  class space    used 4642K, capacity 4773K, committed 4864K, reserved 1048576K

Card table byte_map: [0x0000000011860000,0x0000000011ce0000] byte_map_base: 0x000000000dedb000

Marking Bits: (ParMarkBitMap*) 0x000000006458f030
 Begin Bits: [0x00000000123e0000, 0x00000000147b8000)
 End Bits:   [0x00000000147b8000, 0x0000000016b90000)

Polling page: 0x0000000000960000

CodeCache: size=245760Kb used=9723Kb max_used=9723Kb free=236036Kb
 bounds [0x00000000024a0000, 0x0000000002e30000, 0x00000000114a0000]
 total_blobs=3365 nmethods=2915 adapters=363
 compilation: enabled

Compilation events (10 events):
Event: 3.987 Thread 0x00000000179c9000 nmethod 2856 0x0000000002defa10 code [0x0000000002defb80, 0x0000000002defea8]
Event: 3.987 Thread 0x00000000179c9000 2857       3       org.jetbrains.kotlin.metadata.ProtoBuf$TypeParameter$1::parsePartialFrom (11 bytes)
Event: 3.988 Thread 0x00000000179c9000 nmethod 2857 0x0000000002def550 code [0x0000000002def6c0, 0x0000000002def908]
Event: 3.988 Thread 0x00000000179c9000 2858       3       org.jetbrains.kotlin.metadata.ProtoBuf$TypeParameter::<init> (7 bytes)
Event: 3.988 Thread 0x00000000179c9000 nmethod 2858 0x0000000002def190 code [0x0000000002def300, 0x0000000002def488]
Event: 3.988 Thread 0x00000000179c9000 2875       3       org.jetbrains.kotlin.protobuf.CodedInputStream::readRawVarint64 (305 bytes)
Event: 3.988 Thread 0x00000000179c9000 nmethod 2875 0x0000000002e05dd0 code [0x0000000002e05f80, 0x0000000002e067e8]
Event: 3.988 Thread 0x00000000179c9000 2876   !   3       org.jetbrains.kotlin.metadata.jvm.JvmProtoBuf$JvmMethodSignature::<init> (286 bytes)
Event: 3.989 Thread 0x00000000179be800 nmethod 2865 0x0000000002e09b50 code [0x0000000002e09d00, 0x0000000002e0a1d8]
Event: 3.989 Thread 0x00000000179be800 2873       4       org.jetbrains.kotlin.protobuf.ByteString::newOutput (11 bytes)

GC Heap History (10 events):
Event: 1.707 GC heap before
{Heap before GC invocations=3 (full 0):
 PSYoungGen      total 79872K, used 18320K [0x0000000790380000, 0x0000000795780000, 0x00000007c0000000)
  eden space 73728K, 16% used [0x0000000790380000,0x0000000790f65508,0x0000000794b80000)
  from space 6144K, 99% used [0x0000000795180000,0x000000079577ec30,0x0000000795780000)
  to   space 6144K, 0% used [0x0000000794b80000,0x0000000794b80000,0x0000000795180000)
 ParOldGen       total 98304K, used 7680K [0x0000000730a00000, 0x0000000736a00000, 0x0000000790380000)
  object space 98304K, 7% used [0x0000000730a00000,0x00000007311801f0,0x0000000736a00000)
 Metaspace       used 20764K, capacity 21156K, committed 21248K, reserved 1069056K
  class space    used 2434K, capacity 2560K, committed 2560K, reserved 1048576K
Event: 1.716 GC heap after
Heap after GC invocations=3 (full 0):
 PSYoungGen      total 79872K, used 6112K [0x0000000790380000, 0x0000000799f80000, 0x00000007c0000000)
  eden space 73728K, 0% used [0x0000000790380000,0x0000000790380000,0x0000000794b80000)
  from space 6144K, 99% used [0x0000000794b80000,0x0000000795178108,0x0000000795180000)
  to   space 6144K, 0% used [0x0000000799980000,0x0000000799980000,0x0000000799f80000)
 ParOldGen       total 98304K, used 9476K [0x0000000730a00000, 0x0000000736a00000, 0x0000000790380000)
  object space 98304K, 9% used [0x0000000730a00000,0x0000000731341238,0x0000000736a00000)
 Metaspace       used 20764K, capacity 21156K, committed 21248K, reserved 1069056K
  class space    used 2434K, capacity 2560K, committed 2560K, reserved 1048576K
}
Event: 1.716 GC heap before
{Heap before GC invocations=4 (full 1):
 PSYoungGen      total 79872K, used 6112K [0x0000000790380000, 0x0000000799f80000, 0x00000007c0000000)
  eden space 73728K, 0% used [0x0000000790380000,0x0000000790380000,0x0000000794b80000)
  from space 6144K, 99% used [0x0000000794b80000,0x0000000795178108,0x0000000795180000)
  to   space 6144K, 0% used [0x0000000799980000,0x0000000799980000,0x0000000799f80000)
 ParOldGen       total 98304K, used 9476K [0x0000000730a00000, 0x0000000736a00000, 0x0000000790380000)
  object space 98304K, 9% used [0x0000000730a00000,0x0000000731341238,0x0000000736a00000)
 Metaspace       used 20764K, capacity 21156K, committed 21248K, reserved 1069056K
  class space    used 2434K, capacity 2560K, committed 2560K, reserved 1048576K
Event: 1.753 GC heap after
Heap after GC invocations=4 (full 1):
 PSYoungGen      total 79872K, used 0K [0x0000000790380000, 0x0000000799f80000, 0x00000007c0000000)
  eden space 73728K, 0% used [0x0000000790380000,0x0000000790380000,0x0000000794b80000)
  from space 6144K, 0% used [0x0000000794b80000,0x0000000794b80000,0x0000000795180000)
  to   space 6144K, 0% used [0x0000000799980000,0x0000000799980000,0x0000000799f80000)
 ParOldGen       total 68096K, used 7785K [0x0000000730a00000, 0x0000000734c80000, 0x0000000790380000)
  object space 68096K, 11% used [0x0000000730a00000,0x000000073119a588,0x0000000734c80000)
 Metaspace       used 20764K, capacity 21156K, committed 21248K, reserved 1069056K
  class space    used 2434K, capacity 2560K, committed 2560K, reserved 1048576K
}
Event: 3.029 GC heap before
{Heap before GC invocations=5 (full 1):
 PSYoungGen      total 79872K, used 73728K [0x0000000790380000, 0x0000000799f80000, 0x00000007c0000000)
  eden space 73728K, 100% used [0x0000000790380000,0x0000000794b80000,0x0000000794b80000)
  from space 6144K, 0% used [0x0000000794b80000,0x0000000794b80000,0x0000000795180000)
  to   space 6144K, 0% used [0x0000000799980000,0x0000000799980000,0x0000000799f80000)
 ParOldGen       total 68096K, used 7785K [0x0000000730a00000, 0x0000000734c80000, 0x0000000790380000)
  object space 68096K, 11% used [0x0000000730a00000,0x000000073119a588,0x0000000734c80000)
 Metaspace       used 30890K, capacity 31344K, committed 31488K, reserved 1077248K
  class space    used 3909K, capacity 4044K, committed 4096K, reserved 1048576K
Event: 3.047 GC heap after
Heap after GC invocations=5 (full 1):
 PSYoungGen      total 118272K, used 6114K [0x0000000790380000, 0x0000000799f80000, 0x00000007c0000000)
  eden space 112128K, 0% used [0x0000000790380000,0x0000000790380000,0x0000000797100000)
  from space 6144K, 99% used [0x0000000799980000,0x0000000799f78918,0x0000000799f80000)
  to   space 6144K, 0% used [0x0000000799380000,0x0000000799380000,0x0000000799980000)
 ParOldGen       total 68096K, used 19741K [0x0000000730a00000, 0x0000000734c80000, 0x0000000790380000)
  object space 68096K, 28% used [0x0000000730a00000,0x0000000731d47548,0x0000000734c80000)
 Metaspace       used 30890K, capacity 31344K, committed 31488K, reserved 1077248K
  class space    used 3909K, capacity 4044K, committed 4096K, reserved 1048576K
}
Event: 3.446 GC heap before
{Heap before GC invocations=6 (full 1):
 PSYoungGen      total 118272K, used 26585K [0x0000000790380000, 0x0000000799f80000, 0x00000007c0000000)
  eden space 112128K, 18% used [0x0000000790380000,0x000000079177daf0,0x0000000797100000)
  from space 6144K, 99% used [0x0000000799980000,0x0000000799f78918,0x0000000799f80000)
  to   space 6144K, 0% used [0x0000000799380000,0x0000000799380000,0x0000000799980000)
 ParOldGen       total 68096K, used 19741K [0x0000000730a00000, 0x0000000734c80000, 0x0000000790380000)
  object space 68096K, 28% used [0x0000000730a00000,0x0000000731d47548,0x0000000734c80000)
 Metaspace       used 34766K, capacity 35230K, committed 35416K, reserved 1081344K
  class space    used 4451K, capacity 4579K, committed 4608K, reserved 1048576K
Event: 3.457 GC heap after
Heap after GC invocations=6 (full 1):
 PSYoungGen      total 153600K, used 6123K [0x0000000790380000, 0x000000079cd00000, 0x00000007c0000000)
  eden space 147456K, 0% used [0x0000000790380000,0x0000000790380000,0x0000000799380000)
  from space 6144K, 99% used [0x0000000799380000,0x000000079997add8,0x0000000799980000)
  to   space 17408K, 0% used [0x000000079bc00000,0x000000079bc00000,0x000000079cd00000)
 ParOldGen       total 68096K, used 25195K [0x0000000730a00000, 0x0000000734c80000, 0x0000000790380000)
  object space 68096K, 37% used [0x0000000730a00000,0x000000073229af98,0x0000000734c80000)
 Metaspace       used 34766K, capacity 35230K, committed 35416K, reserved 1081344K
  class space    used 4451K, capacity 4579K, committed 4608K, reserved 1048576K
}
Event: 3.457 GC heap before
{Heap before GC invocations=7 (full 2):
 PSYoungGen      total 153600K, used 6123K [0x0000000790380000, 0x000000079cd00000, 0x00000007c0000000)
  eden space 147456K, 0% used [0x0000000790380000,0x0000000790380000,0x0000000799380000)
  from space 6144K, 99% used [0x0000000799380000,0x000000079997add8,0x0000000799980000)
  to   space 17408K, 0% used [0x000000079bc00000,0x000000079bc00000,0x000000079cd00000)
 ParOldGen       total 68096K, used 25195K [0x0000000730a00000, 0x0000000734c80000, 0x0000000790380000)
  object space 68096K, 37% used [0x0000000730a00000,0x000000073229af98,0x0000000734c80000)
 Metaspace       used 34766K, capacity 35230K, committed 35416K, reserved 1081344K
  class space    used 4451K, capacity 4579K, committed 4608K, reserved 1048576K
Event: 3.526 GC heap after
Heap after GC invocations=7 (full 2):
 PSYoungGen      total 153600K, used 0K [0x0000000790380000, 0x000000079cd00000, 0x00000007c0000000)
  eden space 147456K, 0% used [0x0000000790380000,0x0000000790380000,0x0000000799380000)
  from space 6144K, 0% used [0x0000000799380000,0x0000000799380000,0x0000000799980000)
  to   space 17408K, 0% used [0x000000079bc00000,0x000000079bc00000,0x000000079cd00000)
 ParOldGen       total 68096K, used 17748K [0x0000000730a00000, 0x0000000734c80000, 0x0000000790380000)
  object space 68096K, 26% used [0x0000000730a00000,0x0000000731b552e8,0x0000000734c80000)
 Metaspace       used 34766K, capacity 35230K, committed 35416K, reserved 1081344K
  class space    used 4451K, capacity 4579K, committed 4608K, reserved 1048576K
}

Deoptimization events (10 events):
Event: 3.365 Thread 0x00000000022d4000 Uncommon trap: reason=class_check action=maybe_recompile pc=0x00000000029c7b40 method=org.jetbrains.kotlin.com.intellij.util.text.ByteArrayCharSequence.toBytesIfPossible(Ljava/lang/CharSequence;)[B @ 25
Event: 3.656 Thread 0x00000000022d4000 Uncommon trap: reason=unstable_if action=reinterpret pc=0x0000000002c19728 method=java.text.StringCharacterIterator.current()C @ 19
Event: 3.728 Thread 0x00000000022d4000 Uncommon trap: reason=unstable_if action=reinterpret pc=0x0000000002795624 method=java.lang.Integer.valueOf(I)Ljava/lang/Integer; @ 3
Event: 3.757 Thread 0x00000000022d4000 Uncommon trap: reason=class_check action=maybe_recompile pc=0x0000000002b59a70 method=org.jetbrains.kotlin.protobuf.CodedInputStream.tryRefillBuffer(I)Z @ 177
Event: 3.765 Thread 0x00000000022d4000 Uncommon trap: reason=class_check action=maybe_recompile pc=0x0000000002b59a70 method=org.jetbrains.kotlin.protobuf.CodedInputStream.tryRefillBuffer(I)Z @ 177
Event: 3.775 Thread 0x00000000022d4000 Uncommon trap: reason=unstable_if action=reinterpret pc=0x0000000002c9d92c method=org.jetbrains.org.objectweb.asm.ClassReader.readUtf(II[C)Ljava/lang/String; @ 41
Event: 3.778 Thread 0x00000000022d4000 Uncommon trap: reason=unstable_if action=reinterpret pc=0x0000000002c93a08 method=org.jetbrains.org.objectweb.asm.ClassReader.readUtf(II[C)Ljava/lang/String; @ 41
Event: 3.779 Thread 0x00000000022d4000 Uncommon trap: reason=unstable_if action=reinterpret pc=0x0000000002c415b8 method=org.jetbrains.org.objectweb.asm.ClassReader.readUtf(II[C)Ljava/lang/String; @ 41
Event: 3.808 Thread 0x00000000022d4000 Uncommon trap: reason=class_check action=maybe_recompile pc=0x0000000002b59a70 method=org.jetbrains.kotlin.protobuf.CodedInputStream.tryRefillBuffer(I)Z @ 177
Event: 3.811 Thread 0x00000000022d4000 Uncommon trap: reason=class_check action=maybe_recompile pc=0x0000000002b59a70 method=org.jetbrains.kotlin.protobuf.CodedInputStream.tryRefillBuffer(I)Z @ 177

Classes redefined (0 events):
No events

Internal exceptions (10 events):
Event: 1.362 Thread 0x00000000022d4000 Exception <a 'java/lang/NoSuchMethodError': java.lang.Object.lambda$comparing$77a9974f$1(Ljava/util/function/Function;Ljava/lang/Object;Ljava/lang/Object;)I> (0x00000007921b89f8) thrown at [C:\src\AOSP-openjdk-git\hotspot\src\share\vm\interpreter\linkReso
Event: 1.381 Thread 0x00000000022d4000 Exception <a 'java/lang/NoSuchMethodError': java.lang.Object.lambda$static$0()J> (0x00000007922bbc40) thrown at [C:\src\AOSP-openjdk-git\hotspot\src\share\vm\interpreter\linkResolver.cpp, line 620]
Event: 1.561 Thread 0x00000000022d4000 Exception <a 'java/lang/NoSuchMethodError': java.lang.Object.lambda$static$0(I)[Lorg/jetbrains/kotlin/com/intellij/openapi/editor/event/DocumentListener;> (0x000000079060ace8) thrown at [C:\src\AOSP-openjdk-git\hotspot\src\share\vm\interpreter\linkResolve
Event: 1.597 Thread 0x00000000022d4000 Exception <a 'java/lang/NoSuchMethodError': java.lang.Object.lambda$static$0(I)[Lorg/jetbrains/kotlin/com/intellij/psi/PsiAnnotation;> (0x0000000790828a48) thrown at [C:\src\AOSP-openjdk-git\hotspot\src\share\vm\interpreter\linkResolver.cpp, line 620]
Event: 1.669 Thread 0x00000000022d4000 Exception <a 'java/lang/NoSuchMethodError': java.lang.Object.lambda$static$0(I)[Lorg/jetbrains/kotlin/com/intellij/psi/PsiElement;> (0x0000000790d03d30) thrown at [C:\src\AOSP-openjdk-git\hotspot\src\share\vm\interpreter\linkResolver.cpp, line 620]
Event: 2.622 Thread 0x00000000022d4000 Exception <a 'java/lang/ArrayIndexOutOfBoundsException': 126> (0x000000079307f508) thrown at [C:\src\AOSP-openjdk-git\hotspot\src\share\vm\interpreter\interpreterRuntime.cpp, line 368]
Event: 2.623 Thread 0x00000000022d4000 Exception <a 'java/lang/ArrayIndexOutOfBoundsException': 86> (0x0000000793080990) thrown at [C:\src\AOSP-openjdk-git\hotspot\src\share\vm\interpreter\interpreterRuntime.cpp, line 368]
Event: 3.344 Thread 0x00000000022d4000 Exception <a 'java/lang/NoSuchMethodError': java.lang.Object.lambda$static$0(I)[Lorg/jetbrains/kotlin/psi/KtExpression;> (0x00000007910db928) thrown at [C:\src\AOSP-openjdk-git\hotspot\src\share\vm\interpreter\linkResolver.cpp, line 620]
Event: 3.398 Thread 0x00000000022d4000 Exception <a 'java/lang/NoSuchMethodError': java.lang.Object.lambda$static$0(I)[Lorg/jetbrains/kotlin/psi/KtDeclaration;> (0x00000007913cc240) thrown at [C:\src\AOSP-openjdk-git\hotspot\src\share\vm\interpreter\linkResolver.cpp, line 620]
Event: 3.428 Thread 0x00000000022d4000 Exception <a 'java/lang/NoSuchMethodError': java.lang.Object.lambda$static$0(I)[Lorg/jetbrains/kotlin/psi/KtTypeElement;> (0x00000007915497a0) thrown at [C:\src\AOSP-openjdk-git\hotspot\src\share\vm\interpreter\linkResolver.cpp, line 620]

Events (10 events):
Event: 3.902 Thread 0x00000000022d4000 DEOPT PACKING pc=0x0000000002cc6285 sp=0x000000000229a940
Event: 3.902 Thread 0x00000000022d4000 DEOPT UNPACKING pc=0x00000000024e75d0 sp=0x000000000229a638 mode 0
Event: 3.903 Thread 0x00000000022d4000 DEOPT PACKING pc=0x0000000002cc6285 sp=0x000000000229a940
Event: 3.903 Thread 0x00000000022d4000 DEOPT UNPACKING pc=0x00000000024e75d0 sp=0x000000000229a638 mode 0
Event: 3.904 Thread 0x00000000022d4000 DEOPT PACKING pc=0x0000000002cc6285 sp=0x000000000229a940
Event: 3.904 Thread 0x00000000022d4000 DEOPT UNPACKING pc=0x00000000024e75d0 sp=0x000000000229a638 mode 0
Event: 3.904 Thread 0x00000000022d4000 DEOPT PACKING pc=0x0000000002cc6285 sp=0x000000000229a940
Event: 3.904 Thread 0x00000000022d4000 DEOPT UNPACKING pc=0x00000000024e75d0 sp=0x000000000229a638 mode 0
Event: 3.909 Thread 0x00000000022d4000 DEOPT PACKING pc=0x0000000002cc6285 sp=0x000000000229a6a0
Event: 3.909 Thread 0x00000000022d4000 DEOPT UNPACKING pc=0x00000000024e75d0 sp=0x000000000229a398 mode 0


Dynamic libraries:
0x00007ff7aae40000 - 0x00007ff7aae71000 	F:\Android\jre\jre\bin\java.exe
0x00007ff8c11e0000 - 0x00007ff8c13d0000 	C:\WINDOWS\SYSTEM32\ntdll.dll
0x00007ff8c0040000 - 0x00007ff8c00f2000 	C:\WINDOWS\System32\KERNEL32.DLL
0x00007ff8be490000 - 0x00007ff8be735000 	C:\WINDOWS\System32\KERNELBASE.dll
0x00007ff8c0100000 - 0x00007ff8c01a3000 	C:\WINDOWS\System32\ADVAPI32.dll
0x00007ff8c1100000 - 0x00007ff8c119e000 	C:\WINDOWS\System32\msvcrt.dll
0x00007ff8c0b60000 - 0x00007ff8c0bf7000 	C:\WINDOWS\System32\sechost.dll
0x00007ff8bf460000 - 0x00007ff8bf580000 	C:\WINDOWS\System32\RPCRT4.dll
0x00007ff8c01e0000 - 0x00007ff8c0374000 	C:\WINDOWS\System32\USER32.dll
0x00007ff8be170000 - 0x00007ff8be191000 	C:\WINDOWS\System32\win32u.dll
0x00007ff8c0980000 - 0x00007ff8c09a6000 	C:\WINDOWS\System32\GDI32.dll
0x00007ff8be7e0000 - 0x00007ff8be976000 	C:\WINDOWS\System32\gdi32full.dll
0x00007ff8be740000 - 0x00007ff8be7de000 	C:\WINDOWS\System32\msvcp_win.dll
0x00007ff8be390000 - 0x00007ff8be48a000 	C:\WINDOWS\System32\ucrtbase.dll
0x00007ff8a83c0000 - 0x00007ff8a8644000 	C:\WINDOWS\WinSxS\amd64_microsoft.windows.common-controls_6595b64144ccf1df_6.0.18362.1139_none_9e7bf2d3e4605ac6\COMCTL32.dll
0x00007ff8bf580000 - 0x00007ff8bf8b5000 	C:\WINDOWS\System32\combase.dll
0x00007ff8be1a0000 - 0x00007ff8be220000 	C:\WINDOWS\System32\bcryptPrimitives.dll
0x00007ff8c01b0000 - 0x00007ff8c01de000 	C:\WINDOWS\System32\IMM32.DLL
0x0000000063c00000 - 0x0000000063cd2000 	F:\Android\jre\jre\bin\msvcr100.dll
0x0000000063dc0000 - 0x000000006460b000 	F:\Android\jre\jre\bin\server\jvm.dll
0x00007ff8c0a10000 - 0x00007ff8c0a18000 	C:\WINDOWS\System32\PSAPI.DLL
0x00007ff8b7160000 - 0x00007ff8b7184000 	C:\WINDOWS\SYSTEM32\WINMM.dll
0x00007ff8b3bf0000 - 0x00007ff8b3bfa000 	C:\WINDOWS\SYSTEM32\VERSION.dll
0x00007ff8aed20000 - 0x00007ff8aed29000 	C:\WINDOWS\SYSTEM32\WSOCK32.dll
0x00007ff8c1090000 - 0x00007ff8c10ff000 	C:\WINDOWS\System32\WS2_32.dll
0x00007ff8b7130000 - 0x00007ff8b715d000 	C:\WINDOWS\SYSTEM32\WINMMBASE.dll
0x00007ff8bf210000 - 0x00007ff8bf25a000 	C:\WINDOWS\System32\cfgmgr32.dll
0x00007ff8aec00000 - 0x00007ff8aec0f000 	F:\Android\jre\jre\bin\verify.dll
0x00007ff8aeb70000 - 0x00007ff8aeb99000 	F:\Android\jre\jre\bin\java.dll
0x00007ff8a3b70000 - 0x00007ff8a3b86000 	F:\Android\jre\jre\bin\zip.dll
0x00007ff8bf940000 - 0x00007ff8c0027000 	C:\WINDOWS\System32\SHELL32.dll
0x00007ff8c0d60000 - 0x00007ff8c0e09000 	C:\WINDOWS\System32\shcore.dll
0x00007ff8bea90000 - 0x00007ff8bf210000 	C:\WINDOWS\System32\windows.storage.dll
0x00007ff8be0f0000 - 0x00007ff8be113000 	C:\WINDOWS\System32\profapi.dll
0x00007ff8be120000 - 0x00007ff8be16a000 	C:\WINDOWS\System32\powrprof.dll
0x00007ff8be0a0000 - 0x00007ff8be0b0000 	C:\WINDOWS\System32\UMPDC.dll
0x00007ff8c09b0000 - 0x00007ff8c0a02000 	C:\WINDOWS\System32\shlwapi.dll
0x00007ff8be0b0000 - 0x00007ff8be0c1000 	C:\WINDOWS\System32\kernel.appcore.dll
0x00007ff8be220000 - 0x00007ff8be237000 	C:\WINDOWS\System32\cryptsp.dll
0x00007ff89ad80000 - 0x00007ff89ad9a000 	F:\Android\jre\jre\bin\net.dll
0x00007ff8bd840000 - 0x00007ff8bd8a7000 	C:\WINDOWS\system32\mswsock.dll
0x00007ff89a7a0000 - 0x00007ff89a7b3000 	F:\Android\jre\jre\bin\nio.dll

VM Arguments:
java_command: org.jetbrains.kotlin.cli.jvm.K2JVMCompiler @D:\Fsource\Abhi\Documents\Abhishek\Documents\2020\DA\app\build\20201122_7113750983588884990.compiler.options
java_class_path (initial): C:\Users\Abhi\.gradle\caches\modules-2\files-2.1\org.jetbrains.kotlin\kotlin-compiler-embeddable\1.4.10\38c4b99d5d5362debdd9302a866730379aa2328a\kotlin-compiler-embeddable-1.4.10.jar;C:\Users\Abhi\.gradle\caches\modules-2\files-2.1\org.jetbrains.kotlin\kotlin-reflect\1.4.10\e2b3c6695eee6085e606d96d685396dce23a3a06\kotlin-reflect-1.4.10.jar;C:\Users\Abhi\.gradle\caches\modules-2\files-2.1\org.jetbrains.kotlin\kotlin-stdlib\1.4.10\ea29e063d2bbe695be13e9d044dcfb0c7add398e\kotlin-stdlib-1.4.10.jar;C:\Users\Abhi\.gradle\caches\modules-2\files-2.1\org.jetbrains.kotlin\kotlin-script-runtime\1.4.10\7c19d9c2001e016cd7664cebe9eea66fc04a7f4f\kotlin-script-runtime-1.4.10.jar;C:\Users\Abhi\.gradle\caches\modules-2\files-2.1\org.jetbrains.kotlin\kotlin-daemon-embeddable\1.4.10\dbd67f42bed28043d17d7c860b06110a00a45970\kotlin-daemon-embeddable-1.4.10.jar;C:\Users\Abhi\.gradle\caches\modules-2\files-2.1\org.jetbrains.intellij.deps\trove4j\1.0.20181211\216c2e14b070f334479d800987affe4054cd563f\trove4j-1.0.20181211.jar;C:\Users\Abhi\.gradle\caches\modules-2\files-2.1\org.jetbrains.kotlin\kotlin-stdlib-common\1.4.10\6229be3465805c99db1142ad75e6c6ddeac0b04c\kotlin-stdlib-common-1.4.10.jar;C:\Users\Abhi\.gradle\caches\modules-2\files-2.1\org.jetbrains\annotations\13.0\919f0dfe192fb4e063e7dacadee7f8bb9a2672a9\annotations-13.0.jar;F:\Android\jre\lib\tools.jar
Launcher Type: SUN_STANDARD

Environment Variables:
CLASSPATH=.;D:\QuickTime\QTSystem\QTJava.zip
USERNAME=Abhi
OS=Windows_NT
PROCESSOR_IDENTIFIER=Intel64 Family 6 Model 58 Stepping 9, GenuineIntel



---------------  S Y S T E M  ---------------

OS: Windows 10.0 , 64 bit Build 18362 (10.0.18362.1110)

CPU:total 4 (initial active 4) (2 cores per cpu, 2 threads per core) family 6 model 58 stepping 9, cmov, cx8, fxsr, mmx, sse, sse2, sse3, ssse3, sse4.1, sse4.2, popcnt, avx, clmul, erms, ht, tsc, tscinvbit, tscinv

Memory: 4k page, physical 9395924k(1161268k free), swap 9395924k(5260k free)

vm_info: OpenJDK 64-Bit Server VM (25.242-b01) for windows-amd64 JRE (1.8.0_242-release-1644-b01), built by "builder" with MS VC++ 10.0 (VS2010)

time: Sun Nov 22 20:13:15 2020
timezone: India Standard Time
elapsed time: 4 seconds (0d 0h 0m 4s)

